[02-Aug-2018 12:44:17 Europe/Berlin] PHP Fatal error:  Cannot use [] for reading in /var/www/langx/public/listsharedtexts.php on line 20
[02-Aug-2018 12:44:17 Europe/Berlin] PHP Stack trace:
[02-Aug-2018 12:44:17 Europe/Berlin] PHP   1. {main}() /var/www/langx/public/sharedtexts.php:0
[02-Aug-2018 15:48:47 Europe/Berlin] PHP Notice:  Undefined variable: has_chkbox in /var/www/langx/public/classes/table.php on line 201
[02-Aug-2018 15:48:47 Europe/Berlin] PHP Stack trace:
[02-Aug-2018 15:48:47 Europe/Berlin] PHP   1. {main}() /var/www/langx/public/words.php:0
[02-Aug-2018 15:48:47 Europe/Berlin] PHP   2. require_once() /var/www/langx/public/words.php:62
[02-Aug-2018 15:48:47 Europe/Berlin] PHP   3. WordTable->print() /var/www/langx/public/listwords.php:67
[02-Aug-2018 15:48:47 Europe/Berlin] PHP   4. WordTable->print_content() /var/www/langx/public/classes/table.php:43
[02-Aug-2018 15:48:47 Europe/Berlin] PHP Notice:  Undefined variable: has_chkbox in /var/www/langx/public/classes/table.php on line 201
[02-Aug-2018 15:48:47 Europe/Berlin] PHP Stack trace:
[02-Aug-2018 15:48:47 Europe/Berlin] PHP   1. {main}() /var/www/langx/public/words.php:0
[02-Aug-2018 15:48:47 Europe/Berlin] PHP   2. require_once() /var/www/langx/public/words.php:62
[02-Aug-2018 15:48:47 Europe/Berlin] PHP   3. WordTable->print() /var/www/langx/public/listwords.php:67
[02-Aug-2018 15:48:47 Europe/Berlin] PHP   4. WordTable->print_content() /var/www/langx/public/classes/table.php:43
[02-Aug-2018 15:48:47 Europe/Berlin] PHP Notice:  Undefined variable: has_chkbox in /var/www/langx/public/classes/table.php on line 201
[02-Aug-2018 15:48:47 Europe/Berlin] PHP Stack trace:
[02-Aug-2018 15:48:47 Europe/Berlin] PHP   1. {main}() /var/www/langx/public/words.php:0
[02-Aug-2018 15:48:47 Europe/Berlin] PHP   2. require_once() /var/www/langx/public/words.php:62
[02-Aug-2018 15:48:47 Europe/Berlin] PHP   3. WordTable->print() /var/www/langx/public/listwords.php:67
[02-Aug-2018 15:48:47 Europe/Berlin] PHP   4. WordTable->print_content() /var/www/langx/public/classes/table.php:43
[02-Aug-2018 15:48:47 Europe/Berlin] PHP Notice:  Undefined variable: has_chkbox in /var/www/langx/public/classes/table.php on line 201
[02-Aug-2018 15:48:47 Europe/Berlin] PHP Stack trace:
[02-Aug-2018 15:48:47 Europe/Berlin] PHP   1. {main}() /var/www/langx/public/words.php:0
[02-Aug-2018 15:48:47 Europe/Berlin] PHP   2. require_once() /var/www/langx/public/words.php:62
[02-Aug-2018 15:48:47 Europe/Berlin] PHP   3. WordTable->print() /var/www/langx/public/listwords.php:67
[02-Aug-2018 15:48:47 Europe/Berlin] PHP   4. WordTable->print_content() /var/www/langx/public/classes/table.php:43
[02-Aug-2018 15:48:47 Europe/Berlin] PHP Notice:  Undefined variable: has_chkbox in /var/www/langx/public/classes/table.php on line 201
[02-Aug-2018 15:48:47 Europe/Berlin] PHP Stack trace:
[02-Aug-2018 15:48:47 Europe/Berlin] PHP   1. {main}() /var/www/langx/public/words.php:0
[02-Aug-2018 15:48:47 Europe/Berlin] PHP   2. require_once() /var/www/langx/public/words.php:62
[02-Aug-2018 15:48:47 Europe/Berlin] PHP   3. WordTable->print() /var/www/langx/public/listwords.php:67
[02-Aug-2018 15:48:47 Europe/Berlin] PHP   4. WordTable->print_content() /var/www/langx/public/classes/table.php:43
[02-Aug-2018 15:48:47 Europe/Berlin] PHP Notice:  Undefined variable: has_chkbox in /var/www/langx/public/classes/table.php on line 201
[02-Aug-2018 15:48:47 Europe/Berlin] PHP Stack trace:
[02-Aug-2018 15:48:47 Europe/Berlin] PHP   1. {main}() /var/www/langx/public/words.php:0
[02-Aug-2018 15:48:47 Europe/Berlin] PHP   2. require_once() /var/www/langx/public/words.php:62
[02-Aug-2018 15:48:47 Europe/Berlin] PHP   3. WordTable->print() /var/www/langx/public/listwords.php:67
[02-Aug-2018 15:48:47 Europe/Berlin] PHP   4. WordTable->print_content() /var/www/langx/public/classes/table.php:43
[02-Aug-2018 15:48:47 Europe/Berlin] PHP Notice:  Undefined variable: has_chkbox in /var/www/langx/public/classes/table.php on line 201
[02-Aug-2018 15:48:47 Europe/Berlin] PHP Stack trace:
[02-Aug-2018 15:48:47 Europe/Berlin] PHP   1. {main}() /var/www/langx/public/words.php:0
[02-Aug-2018 15:48:47 Europe/Berlin] PHP   2. require_once() /var/www/langx/public/words.php:62
[02-Aug-2018 15:48:47 Europe/Berlin] PHP   3. WordTable->print() /var/www/langx/public/listwords.php:67
[02-Aug-2018 15:48:47 Europe/Berlin] PHP   4. WordTable->print_content() /var/www/langx/public/classes/table.php:43
[02-Aug-2018 15:48:47 Europe/Berlin] PHP Notice:  Undefined variable: has_chkbox in /var/www/langx/public/classes/table.php on line 201
[02-Aug-2018 15:48:47 Europe/Berlin] PHP Stack trace:
[02-Aug-2018 15:48:47 Europe/Berlin] PHP   1. {main}() /var/www/langx/public/words.php:0
[02-Aug-2018 15:48:47 Europe/Berlin] PHP   2. require_once() /var/www/langx/public/words.php:62
[02-Aug-2018 15:48:47 Europe/Berlin] PHP   3. WordTable->print() /var/www/langx/public/listwords.php:67
[02-Aug-2018 15:48:47 Europe/Berlin] PHP   4. WordTable->print_content() /var/www/langx/public/classes/table.php:43
[02-Aug-2018 15:48:47 Europe/Berlin] PHP Notice:  Undefined variable: has_chkbox in /var/www/langx/public/classes/table.php on line 201
[02-Aug-2018 15:48:47 Europe/Berlin] PHP Stack trace:
[02-Aug-2018 15:48:47 Europe/Berlin] PHP   1. {main}() /var/www/langx/public/words.php:0
[02-Aug-2018 15:48:47 Europe/Berlin] PHP   2. require_once() /var/www/langx/public/words.php:62
[02-Aug-2018 15:48:47 Europe/Berlin] PHP   3. WordTable->print() /var/www/langx/public/listwords.php:67
[02-Aug-2018 15:48:47 Europe/Berlin] PHP   4. WordTable->print_content() /var/www/langx/public/classes/table.php:43
[02-Aug-2018 15:48:47 Europe/Berlin] PHP Notice:  Undefined variable: has_chkbox in /var/www/langx/public/classes/table.php on line 201
[02-Aug-2018 15:48:47 Europe/Berlin] PHP Stack trace:
[02-Aug-2018 15:48:47 Europe/Berlin] PHP   1. {main}() /var/www/langx/public/words.php:0
[02-Aug-2018 15:48:47 Europe/Berlin] PHP   2. require_once() /var/www/langx/public/words.php:62
[02-Aug-2018 15:48:47 Europe/Berlin] PHP   3. WordTable->print() /var/www/langx/public/listwords.php:67
[02-Aug-2018 15:48:47 Europe/Berlin] PHP   4. WordTable->print_content() /var/www/langx/public/classes/table.php:43
[02-Aug-2018 21:14:02 Europe/Berlin] PHP Warning:  Use of undefined constant row - assumed 'row' (this will throw an Error in a future version of PHP) in /var/www/langx/public/classes/table.php on line 201
[02-Aug-2018 21:14:02 Europe/Berlin] PHP Stack trace:
[02-Aug-2018 21:14:02 Europe/Berlin] PHP   1. {main}() /var/www/langx/public/sharedtexts.php:0
[02-Aug-2018 21:14:02 Europe/Berlin] PHP   2. require_once() /var/www/langx/public/sharedtexts.php:112
[02-Aug-2018 21:14:02 Europe/Berlin] PHP   3. SharedTextTable->__construct($headings = *uninitialized*, $col_widths = *uninitialized*, $rows = *uninitialized*, $url = *uninitialized*, $action_menu = *uninitialized*, $sort_menu = *uninitialized*) /var/www/langx/public/listsharedtexts.php:63
[02-Aug-2018 21:14:21 Europe/Berlin] PHP Notice:  Undefined offset: 179 in /var/www/langx/public/classes/table.php on line 201
[02-Aug-2018 21:14:21 Europe/Berlin] PHP Stack trace:
[02-Aug-2018 21:14:21 Europe/Berlin] PHP   1. {main}() /var/www/langx/public/sharedtexts.php:0
[02-Aug-2018 21:14:21 Europe/Berlin] PHP   2. require_once() /var/www/langx/public/sharedtexts.php:112
[02-Aug-2018 21:14:21 Europe/Berlin] PHP   3. SharedTextTable->__construct($headings = *uninitialized*, $col_widths = *uninitialized*, $rows = *uninitialized*, $url = *uninitialized*, $action_menu = *uninitialized*, $sort_menu = *uninitialized*) /var/www/langx/public/listsharedtexts.php:63
[02-Aug-2018 21:21:36 Europe/Berlin] PHP Notice:  Undefined property: SharedTextTable::$con in /var/www/langx/public/classes/table.php on line 206
[02-Aug-2018 21:21:36 Europe/Berlin] PHP Stack trace:
[02-Aug-2018 21:21:36 Europe/Berlin] PHP   1. {main}() /var/www/langx/public/sharedtexts.php:0
[02-Aug-2018 21:21:36 Europe/Berlin] PHP   2. require_once() /var/www/langx/public/sharedtexts.php:112
[02-Aug-2018 21:21:36 Europe/Berlin] PHP   3. SharedTextTable->__construct() /var/www/langx/public/listsharedtexts.php:63
[02-Aug-2018 21:21:36 Europe/Berlin] PHP Fatal error:  Uncaught Error: Call to a member function query() on null in /var/www/langx/public/classes/table.php:206
Stack trace:
#0 /var/www/langx/public/listsharedtexts.php(63): SharedTextTable->__construct(Array, Array, Array, 'showtext.php', Array, Array)
#1 /var/www/langx/public/sharedtexts.php(112): require_once('/var/www/langx/...')
#2 {main}
  thrown in /var/www/langx/public/classes/table.php on line 206
[02-Aug-2018 21:24:44 Europe/Berlin] PHP Fatal error:  Uncaught ArgumentCountError: Too few arguments to function SharedTextTable::__construct(), 6 passed in /var/www/langx/public/listsharedtexts.php on line 63 and exactly 7 expected in /var/www/langx/public/classes/table.php:200
Stack trace:
#0 /var/www/langx/public/listsharedtexts.php(63): SharedTextTable->__construct(Array, Array, Array, 'showtext.php', Array, Array)
#1 /var/www/langx/public/sharedtexts.php(112): require_once('/var/www/langx/...')
#2 {main}
  thrown in /var/www/langx/public/classes/table.php on line 200
[02-Aug-2018 21:25:04 Europe/Berlin] PHP Warning:  Use of undefined constant i - assumed 'i' (this will throw an Error in a future version of PHP) in /var/www/langx/public/classes/table.php on line 173
[02-Aug-2018 21:25:04 Europe/Berlin] PHP Stack trace:
[02-Aug-2018 21:25:04 Europe/Berlin] PHP   1. {main}() /var/www/langx/public/sharedtexts.php:0
[02-Aug-2018 21:25:04 Europe/Berlin] PHP   2. require_once() /var/www/langx/public/sharedtexts.php:112
[02-Aug-2018 21:25:04 Europe/Berlin] PHP   3. SharedTextTable->print() /var/www/langx/public/listsharedtexts.php:64
[02-Aug-2018 21:25:04 Europe/Berlin] PHP   4. SharedTextTable->print_content() /var/www/langx/public/classes/table.php:43
[02-Aug-2018 21:25:04 Europe/Berlin] PHP Notice:  Undefined index: i in /var/www/langx/public/classes/table.php on line 173
[02-Aug-2018 21:25:04 Europe/Berlin] PHP Stack trace:
[02-Aug-2018 21:25:04 Europe/Berlin] PHP   1. {main}() /var/www/langx/public/sharedtexts.php:0
[02-Aug-2018 21:25:04 Europe/Berlin] PHP   2. require_once() /var/www/langx/public/sharedtexts.php:112
[02-Aug-2018 21:25:04 Europe/Berlin] PHP   3. SharedTextTable->print() /var/www/langx/public/listsharedtexts.php:64
[02-Aug-2018 21:25:04 Europe/Berlin] PHP   4. SharedTextTable->print_content() /var/www/langx/public/classes/table.php:43
[02-Aug-2018 21:25:04 Europe/Berlin] PHP Warning:  Use of undefined constant i - assumed 'i' (this will throw an Error in a future version of PHP) in /var/www/langx/public/classes/table.php on line 174
[02-Aug-2018 21:25:04 Europe/Berlin] PHP Stack trace:
[02-Aug-2018 21:25:04 Europe/Berlin] PHP   1. {main}() /var/www/langx/public/sharedtexts.php:0
[02-Aug-2018 21:25:04 Europe/Berlin] PHP   2. require_once() /var/www/langx/public/sharedtexts.php:112
[02-Aug-2018 21:25:04 Europe/Berlin] PHP   3. SharedTextTable->print() /var/www/langx/public/listsharedtexts.php:64
[02-Aug-2018 21:25:04 Europe/Berlin] PHP   4. SharedTextTable->print_content() /var/www/langx/public/classes/table.php:43
[02-Aug-2018 21:25:04 Europe/Berlin] PHP Notice:  Undefined index: i in /var/www/langx/public/classes/table.php on line 174
[02-Aug-2018 21:25:04 Europe/Berlin] PHP Stack trace:
[02-Aug-2018 21:25:04 Europe/Berlin] PHP   1. {main}() /var/www/langx/public/sharedtexts.php:0
[02-Aug-2018 21:25:04 Europe/Berlin] PHP   2. require_once() /var/www/langx/public/sharedtexts.php:112
[02-Aug-2018 21:25:04 Europe/Berlin] PHP   3. SharedTextTable->print() /var/www/langx/public/listsharedtexts.php:64
[02-Aug-2018 21:25:04 Europe/Berlin] PHP   4. SharedTextTable->print_content() /var/www/langx/public/classes/table.php:43
[02-Aug-2018 21:25:04 Europe/Berlin] PHP Warning:  Use of undefined constant i - assumed 'i' (this will throw an Error in a future version of PHP) in /var/www/langx/public/classes/table.php on line 173
[02-Aug-2018 21:25:04 Europe/Berlin] PHP Stack trace:
[02-Aug-2018 21:25:04 Europe/Berlin] PHP   1. {main}() /var/www/langx/public/sharedtexts.php:0
[02-Aug-2018 21:25:04 Europe/Berlin] PHP   2. require_once() /var/www/langx/public/sharedtexts.php:112
[02-Aug-2018 21:25:04 Europe/Berlin] PHP   3. SharedTextTable->print() /var/www/langx/public/listsharedtexts.php:64
[02-Aug-2018 21:25:04 Europe/Berlin] PHP   4. SharedTextTable->print_content() /var/www/langx/public/classes/table.php:43
[02-Aug-2018 21:25:04 Europe/Berlin] PHP Notice:  Undefined index: i in /var/www/langx/public/classes/table.php on line 173
[02-Aug-2018 21:25:04 Europe/Berlin] PHP Stack trace:
[02-Aug-2018 21:25:04 Europe/Berlin] PHP   1. {main}() /var/www/langx/public/sharedtexts.php:0
[02-Aug-2018 21:25:04 Europe/Berlin] PHP   2. require_once() /var/www/langx/public/sharedtexts.php:112
[02-Aug-2018 21:25:04 Europe/Berlin] PHP   3. SharedTextTable->print() /var/www/langx/public/listsharedtexts.php:64
[02-Aug-2018 21:25:04 Europe/Berlin] PHP   4. SharedTextTable->print_content() /var/www/langx/public/classes/table.php:43
[02-Aug-2018 21:25:04 Europe/Berlin] PHP Warning:  Use of undefined constant i - assumed 'i' (this will throw an Error in a future version of PHP) in /var/www/langx/public/classes/table.php on line 174
[02-Aug-2018 21:25:04 Europe/Berlin] PHP Stack trace:
[02-Aug-2018 21:25:04 Europe/Berlin] PHP   1. {main}() /var/www/langx/public/sharedtexts.php:0
[02-Aug-2018 21:25:04 Europe/Berlin] PHP   2. require_once() /var/www/langx/public/sharedtexts.php:112
[02-Aug-2018 21:25:04 Europe/Berlin] PHP   3. SharedTextTable->print() /var/www/langx/public/listsharedtexts.php:64
[02-Aug-2018 21:25:04 Europe/Berlin] PHP   4. SharedTextTable->print_content() /var/www/langx/public/classes/table.php:43
[02-Aug-2018 21:25:04 Europe/Berlin] PHP Notice:  Undefined index: i in /var/www/langx/public/classes/table.php on line 174
[02-Aug-2018 21:25:04 Europe/Berlin] PHP Stack trace:
[02-Aug-2018 21:25:04 Europe/Berlin] PHP   1. {main}() /var/www/langx/public/sharedtexts.php:0
[02-Aug-2018 21:25:04 Europe/Berlin] PHP   2. require_once() /var/www/langx/public/sharedtexts.php:112
[02-Aug-2018 21:25:04 Europe/Berlin] PHP   3. SharedTextTable->print() /var/www/langx/public/listsharedtexts.php:64
[02-Aug-2018 21:25:04 Europe/Berlin] PHP   4. SharedTextTable->print_content() /var/www/langx/public/classes/table.php:43
[02-Aug-2018 21:25:04 Europe/Berlin] PHP Warning:  Use of undefined constant i - assumed 'i' (this will throw an Error in a future version of PHP) in /var/www/langx/public/classes/table.php on line 173
[02-Aug-2018 21:25:04 Europe/Berlin] PHP Stack trace:
[02-Aug-2018 21:25:04 Europe/Berlin] PHP   1. {main}() /var/www/langx/public/sharedtexts.php:0
[02-Aug-2018 21:25:04 Europe/Berlin] PHP   2. require_once() /var/www/langx/public/sharedtexts.php:112
[02-Aug-2018 21:25:04 Europe/Berlin] PHP   3. SharedTextTable->print() /var/www/langx/public/listsharedtexts.php:64
[02-Aug-2018 21:25:04 Europe/Berlin] PHP   4. SharedTextTable->print_content() /var/www/langx/public/classes/table.php:43
[02-Aug-2018 21:25:04 Europe/Berlin] PHP Notice:  Undefined index: i in /var/www/langx/public/classes/table.php on line 173
[02-Aug-2018 21:25:04 Europe/Berlin] PHP Stack trace:
[02-Aug-2018 21:25:04 Europe/Berlin] PHP   1. {main}() /var/www/langx/public/sharedtexts.php:0
[02-Aug-2018 21:25:04 Europe/Berlin] PHP   2. require_once() /var/www/langx/public/sharedtexts.php:112
[02-Aug-2018 21:25:04 Europe/Berlin] PHP   3. SharedTextTable->print() /var/www/langx/public/listsharedtexts.php:64
[02-Aug-2018 21:25:04 Europe/Berlin] PHP   4. SharedTextTable->print_content() /var/www/langx/public/classes/table.php:43
[02-Aug-2018 21:25:04 Europe/Berlin] PHP Warning:  Use of undefined constant i - assumed 'i' (this will throw an Error in a future version of PHP) in /var/www/langx/public/classes/table.php on line 174
[02-Aug-2018 21:25:04 Europe/Berlin] PHP Stack trace:
[02-Aug-2018 21:25:04 Europe/Berlin] PHP   1. {main}() /var/www/langx/public/sharedtexts.php:0
[02-Aug-2018 21:25:04 Europe/Berlin] PHP   2. require_once() /var/www/langx/public/sharedtexts.php:112
[02-Aug-2018 21:25:04 Europe/Berlin] PHP   3. SharedTextTable->print() /var/www/langx/public/listsharedtexts.php:64
[02-Aug-2018 21:25:04 Europe/Berlin] PHP   4. SharedTextTable->print_content() /var/www/langx/public/classes/table.php:43
[02-Aug-2018 21:25:04 Europe/Berlin] PHP Notice:  Undefined index: i in /var/www/langx/public/classes/table.php on line 174
[02-Aug-2018 21:25:04 Europe/Berlin] PHP Stack trace:
[02-Aug-2018 21:25:04 Europe/Berlin] PHP   1. {main}() /var/www/langx/public/sharedtexts.php:0
[02-Aug-2018 21:25:04 Europe/Berlin] PHP   2. require_once() /var/www/langx/public/sharedtexts.php:112
[02-Aug-2018 21:25:04 Europe/Berlin] PHP   3. SharedTextTable->print() /var/www/langx/public/listsharedtexts.php:64
[02-Aug-2018 21:25:04 Europe/Berlin] PHP   4. SharedTextTable->print_content() /var/www/langx/public/classes/table.php:43
[02-Aug-2018 21:25:23 Europe/Berlin] PHP Notice:  Undefined offset: 0 in /var/www/langx/public/classes/table.php on line 173
[02-Aug-2018 21:25:23 Europe/Berlin] PHP Stack trace:
[02-Aug-2018 21:25:23 Europe/Berlin] PHP   1. {main}() /var/www/langx/public/sharedtexts.php:0
[02-Aug-2018 21:25:23 Europe/Berlin] PHP   2. require_once() /var/www/langx/public/sharedtexts.php:112
[02-Aug-2018 21:25:23 Europe/Berlin] PHP   3. SharedTextTable->print() /var/www/langx/public/listsharedtexts.php:64
[02-Aug-2018 21:25:23 Europe/Berlin] PHP   4. SharedTextTable->print_content() /var/www/langx/public/classes/table.php:43
[02-Aug-2018 21:25:23 Europe/Berlin] PHP Notice:  Undefined offset: 0 in /var/www/langx/public/classes/table.php on line 174
[02-Aug-2018 21:25:23 Europe/Berlin] PHP Stack trace:
[02-Aug-2018 21:25:23 Europe/Berlin] PHP   1. {main}() /var/www/langx/public/sharedtexts.php:0
[02-Aug-2018 21:25:23 Europe/Berlin] PHP   2. require_once() /var/www/langx/public/sharedtexts.php:112
[02-Aug-2018 21:25:23 Europe/Berlin] PHP   3. SharedTextTable->print() /var/www/langx/public/listsharedtexts.php:64
[02-Aug-2018 21:25:23 Europe/Berlin] PHP   4. SharedTextTable->print_content() /var/www/langx/public/classes/table.php:43
[02-Aug-2018 21:25:23 Europe/Berlin] PHP Notice:  Undefined offset: 1 in /var/www/langx/public/classes/table.php on line 173
[02-Aug-2018 21:25:23 Europe/Berlin] PHP Stack trace:
[02-Aug-2018 21:25:23 Europe/Berlin] PHP   1. {main}() /var/www/langx/public/sharedtexts.php:0
[02-Aug-2018 21:25:23 Europe/Berlin] PHP   2. require_once() /var/www/langx/public/sharedtexts.php:112
[02-Aug-2018 21:25:23 Europe/Berlin] PHP   3. SharedTextTable->print() /var/www/langx/public/listsharedtexts.php:64
[02-Aug-2018 21:25:23 Europe/Berlin] PHP   4. SharedTextTable->print_content() /var/www/langx/public/classes/table.php:43
[02-Aug-2018 21:25:23 Europe/Berlin] PHP Notice:  Undefined offset: 1 in /var/www/langx/public/classes/table.php on line 174
[02-Aug-2018 21:25:23 Europe/Berlin] PHP Stack trace:
[02-Aug-2018 21:25:23 Europe/Berlin] PHP   1. {main}() /var/www/langx/public/sharedtexts.php:0
[02-Aug-2018 21:25:23 Europe/Berlin] PHP   2. require_once() /var/www/langx/public/sharedtexts.php:112
[02-Aug-2018 21:25:23 Europe/Berlin] PHP   3. SharedTextTable->print() /var/www/langx/public/listsharedtexts.php:64
[02-Aug-2018 21:25:23 Europe/Berlin] PHP   4. SharedTextTable->print_content() /var/www/langx/public/classes/table.php:43
[02-Aug-2018 21:25:23 Europe/Berlin] PHP Notice:  Undefined offset: 2 in /var/www/langx/public/classes/table.php on line 173
[02-Aug-2018 21:25:23 Europe/Berlin] PHP Stack trace:
[02-Aug-2018 21:25:23 Europe/Berlin] PHP   1. {main}() /var/www/langx/public/sharedtexts.php:0
[02-Aug-2018 21:25:23 Europe/Berlin] PHP   2. require_once() /var/www/langx/public/sharedtexts.php:112
[02-Aug-2018 21:25:23 Europe/Berlin] PHP   3. SharedTextTable->print() /var/www/langx/public/listsharedtexts.php:64
[02-Aug-2018 21:25:23 Europe/Berlin] PHP   4. SharedTextTable->print_content() /var/www/langx/public/classes/table.php:43
[02-Aug-2018 21:25:23 Europe/Berlin] PHP Notice:  Undefined offset: 2 in /var/www/langx/public/classes/table.php on line 174
[02-Aug-2018 21:25:23 Europe/Berlin] PHP Stack trace:
[02-Aug-2018 21:25:23 Europe/Berlin] PHP   1. {main}() /var/www/langx/public/sharedtexts.php:0
[02-Aug-2018 21:25:23 Europe/Berlin] PHP   2. require_once() /var/www/langx/public/sharedtexts.php:112
[02-Aug-2018 21:25:23 Europe/Berlin] PHP   3. SharedTextTable->print() /var/www/langx/public/listsharedtexts.php:64
[02-Aug-2018 21:25:23 Europe/Berlin] PHP   4. SharedTextTable->print_content() /var/www/langx/public/classes/table.php:43
[02-Aug-2018 21:26:27 Europe/Berlin] PHP Notice:  Undefined offset: 0 in /var/www/langx/public/classes/table.php on line 173
[02-Aug-2018 21:26:27 Europe/Berlin] PHP Stack trace:
[02-Aug-2018 21:26:27 Europe/Berlin] PHP   1. {main}() /var/www/langx/public/sharedtexts.php:0
[02-Aug-2018 21:26:27 Europe/Berlin] PHP   2. require_once() /var/www/langx/public/sharedtexts.php:112
[02-Aug-2018 21:26:27 Europe/Berlin] PHP   3. SharedTextTable->print($sort_by = *uninitialized*) /var/www/langx/public/listsharedtexts.php:64
[02-Aug-2018 21:26:27 Europe/Berlin] PHP   4. SharedTextTable->print_content() /var/www/langx/public/classes/table.php:43
[02-Aug-2018 21:26:30 Europe/Berlin] PHP Notice:  Undefined offset: 0 in /var/www/langx/public/classes/table.php on line 174
[02-Aug-2018 21:26:30 Europe/Berlin] PHP Stack trace:
[02-Aug-2018 21:26:30 Europe/Berlin] PHP   1. {main}() /var/www/langx/public/sharedtexts.php:0
[02-Aug-2018 21:26:30 Europe/Berlin] PHP   2. require_once() /var/www/langx/public/sharedtexts.php:112
[02-Aug-2018 21:26:30 Europe/Berlin] PHP   3. SharedTextTable->print($sort_by = *uninitialized*) /var/www/langx/public/listsharedtexts.php:64
[02-Aug-2018 21:26:30 Europe/Berlin] PHP   4. SharedTextTable->print_content() /var/www/langx/public/classes/table.php:43
[02-Aug-2018 21:26:32 Europe/Berlin] PHP Notice:  Undefined offset: 1 in /var/www/langx/public/classes/table.php on line 173
[02-Aug-2018 21:26:32 Europe/Berlin] PHP Stack trace:
[02-Aug-2018 21:26:32 Europe/Berlin] PHP   1. {main}() /var/www/langx/public/sharedtexts.php:0
[02-Aug-2018 21:26:32 Europe/Berlin] PHP   2. require_once() /var/www/langx/public/sharedtexts.php:112
[02-Aug-2018 21:26:32 Europe/Berlin] PHP   3. SharedTextTable->print($sort_by = *uninitialized*) /var/www/langx/public/listsharedtexts.php:64
[02-Aug-2018 21:26:32 Europe/Berlin] PHP   4. SharedTextTable->print_content() /var/www/langx/public/classes/table.php:43
[02-Aug-2018 21:26:35 Europe/Berlin] PHP Notice:  Undefined offset: 1 in /var/www/langx/public/classes/table.php on line 174
[02-Aug-2018 21:26:35 Europe/Berlin] PHP Stack trace:
[02-Aug-2018 21:26:35 Europe/Berlin] PHP   1. {main}() /var/www/langx/public/sharedtexts.php:0
[02-Aug-2018 21:26:35 Europe/Berlin] PHP   2. require_once() /var/www/langx/public/sharedtexts.php:112
[02-Aug-2018 21:26:35 Europe/Berlin] PHP   3. SharedTextTable->print($sort_by = *uninitialized*) /var/www/langx/public/listsharedtexts.php:64
[02-Aug-2018 21:26:35 Europe/Berlin] PHP   4. SharedTextTable->print_content() /var/www/langx/public/classes/table.php:43
[02-Aug-2018 21:26:35 Europe/Berlin] PHP Notice:  Undefined offset: 2 in /var/www/langx/public/classes/table.php on line 173
[02-Aug-2018 21:26:35 Europe/Berlin] PHP Stack trace:
[02-Aug-2018 21:26:35 Europe/Berlin] PHP   1. {main}() /var/www/langx/public/sharedtexts.php:0
[02-Aug-2018 21:26:35 Europe/Berlin] PHP   2. require_once() /var/www/langx/public/sharedtexts.php:112
[02-Aug-2018 21:26:35 Europe/Berlin] PHP   3. SharedTextTable->print($sort_by = *uninitialized*) /var/www/langx/public/listsharedtexts.php:64
[02-Aug-2018 21:26:35 Europe/Berlin] PHP   4. SharedTextTable->print_content() /var/www/langx/public/classes/table.php:43
[02-Aug-2018 21:26:35 Europe/Berlin] PHP Notice:  Undefined offset: 2 in /var/www/langx/public/classes/table.php on line 174
[02-Aug-2018 21:26:35 Europe/Berlin] PHP Stack trace:
[02-Aug-2018 21:26:35 Europe/Berlin] PHP   1. {main}() /var/www/langx/public/sharedtexts.php:0
[02-Aug-2018 21:26:35 Europe/Berlin] PHP   2. require_once() /var/www/langx/public/sharedtexts.php:112
[02-Aug-2018 21:26:35 Europe/Berlin] PHP   3. SharedTextTable->print($sort_by = *uninitialized*) /var/www/langx/public/listsharedtexts.php:64
[02-Aug-2018 21:26:35 Europe/Berlin] PHP   4. SharedTextTable->print_content() /var/www/langx/public/classes/table.php:43
[02-Aug-2018 21:26:45 Europe/Berlin] PHP Notice:  Undefined offset: 0 in /var/www/langx/public/classes/table.php on line 173
[02-Aug-2018 21:26:45 Europe/Berlin] PHP Stack trace:
[02-Aug-2018 21:26:45 Europe/Berlin] PHP   1. {main}() /var/www/langx/public/sharedtexts.php:0
[02-Aug-2018 21:26:45 Europe/Berlin] PHP   2. require_once() /var/www/langx/public/sharedtexts.php:112
[02-Aug-2018 21:26:45 Europe/Berlin] PHP   3. SharedTextTable->print($sort_by = *uninitialized*) /var/www/langx/public/listsharedtexts.php:64
[02-Aug-2018 21:26:45 Europe/Berlin] PHP   4. SharedTextTable->print_content() /var/www/langx/public/classes/table.php:43
[02-Aug-2018 21:26:45 Europe/Berlin] PHP Notice:  Undefined offset: 0 in /var/www/langx/public/classes/table.php on line 174
[02-Aug-2018 21:26:45 Europe/Berlin] PHP Stack trace:
[02-Aug-2018 21:26:45 Europe/Berlin] PHP   1. {main}() /var/www/langx/public/sharedtexts.php:0
[02-Aug-2018 21:26:45 Europe/Berlin] PHP   2. require_once() /var/www/langx/public/sharedtexts.php:112
[02-Aug-2018 21:26:45 Europe/Berlin] PHP   3. SharedTextTable->print($sort_by = *uninitialized*) /var/www/langx/public/listsharedtexts.php:64
[02-Aug-2018 21:26:45 Europe/Berlin] PHP   4. SharedTextTable->print_content() /var/www/langx/public/classes/table.php:43
[02-Aug-2018 21:26:45 Europe/Berlin] PHP Notice:  Undefined offset: 1 in /var/www/langx/public/classes/table.php on line 173
[02-Aug-2018 21:26:45 Europe/Berlin] PHP Stack trace:
[02-Aug-2018 21:26:45 Europe/Berlin] PHP   1. {main}() /var/www/langx/public/sharedtexts.php:0
[02-Aug-2018 21:26:45 Europe/Berlin] PHP   2. require_once() /var/www/langx/public/sharedtexts.php:112
[02-Aug-2018 21:26:45 Europe/Berlin] PHP   3. SharedTextTable->print($sort_by = *uninitialized*) /var/www/langx/public/listsharedtexts.php:64
[02-Aug-2018 21:26:45 Europe/Berlin] PHP   4. SharedTextTable->print_content() /var/www/langx/public/classes/table.php:43
[02-Aug-2018 21:26:45 Europe/Berlin] PHP Notice:  Undefined offset: 1 in /var/www/langx/public/classes/table.php on line 174
[02-Aug-2018 21:26:45 Europe/Berlin] PHP Stack trace:
[02-Aug-2018 21:26:45 Europe/Berlin] PHP   1. {main}() /var/www/langx/public/sharedtexts.php:0
[02-Aug-2018 21:26:45 Europe/Berlin] PHP   2. require_once() /var/www/langx/public/sharedtexts.php:112
[02-Aug-2018 21:26:45 Europe/Berlin] PHP   3. SharedTextTable->print($sort_by = *uninitialized*) /var/www/langx/public/listsharedtexts.php:64
[02-Aug-2018 21:26:45 Europe/Berlin] PHP   4. SharedTextTable->print_content() /var/www/langx/public/classes/table.php:43
[02-Aug-2018 21:26:45 Europe/Berlin] PHP Notice:  Undefined offset: 2 in /var/www/langx/public/classes/table.php on line 173
[02-Aug-2018 21:26:45 Europe/Berlin] PHP Stack trace:
[02-Aug-2018 21:26:45 Europe/Berlin] PHP   1. {main}() /var/www/langx/public/sharedtexts.php:0
[02-Aug-2018 21:26:45 Europe/Berlin] PHP   2. require_once() /var/www/langx/public/sharedtexts.php:112
[02-Aug-2018 21:26:45 Europe/Berlin] PHP   3. SharedTextTable->print($sort_by = *uninitialized*) /var/www/langx/public/listsharedtexts.php:64
[02-Aug-2018 21:26:45 Europe/Berlin] PHP   4. SharedTextTable->print_content() /var/www/langx/public/classes/table.php:43
[02-Aug-2018 21:26:45 Europe/Berlin] PHP Notice:  Undefined offset: 2 in /var/www/langx/public/classes/table.php on line 174
[02-Aug-2018 21:26:45 Europe/Berlin] PHP Stack trace:
[02-Aug-2018 21:26:45 Europe/Berlin] PHP   1. {main}() /var/www/langx/public/sharedtexts.php:0
[02-Aug-2018 21:26:45 Europe/Berlin] PHP   2. require_once() /var/www/langx/public/sharedtexts.php:112
[02-Aug-2018 21:26:45 Europe/Berlin] PHP   3. SharedTextTable->print($sort_by = *uninitialized*) /var/www/langx/public/listsharedtexts.php:64
[02-Aug-2018 21:26:45 Europe/Berlin] PHP   4. SharedTextTable->print_content() /var/www/langx/public/classes/table.php:43
[02-Aug-2018 21:26:59 Europe/Berlin] PHP Catchable fatal error:  Object of class mysqli_result could not be converted to string in /var/www/langx/public/classes/table.php on line 175
[02-Aug-2018 21:26:59 Europe/Berlin] PHP Stack trace:
[02-Aug-2018 21:26:59 Europe/Berlin] PHP   1. {main}() /var/www/langx/public/sharedtexts.php:0
[02-Aug-2018 21:26:59 Europe/Berlin] PHP   2. require_once() /var/www/langx/public/sharedtexts.php:112
[02-Aug-2018 21:26:59 Europe/Berlin] PHP   3. SharedTextTable->print($sort_by = *uninitialized*) /var/www/langx/public/listsharedtexts.php:64
[02-Aug-2018 21:26:59 Europe/Berlin] PHP   4. SharedTextTable->print_content() /var/www/langx/public/classes/table.php:43
[02-Aug-2018 21:39:13 Europe/Berlin] PHP Notice:  Undefined variable: row in /var/www/langx/public/classes/table.php on line 205
[02-Aug-2018 21:39:13 Europe/Berlin] PHP Stack trace:
[02-Aug-2018 21:39:13 Europe/Berlin] PHP   1. {main}() /var/www/langx/public/sharedtexts.php:0
[02-Aug-2018 21:39:13 Europe/Berlin] PHP   2. require_once() /var/www/langx/public/sharedtexts.php:112
[02-Aug-2018 21:39:13 Europe/Berlin] PHP   3. SharedTextTable->__construct($con = *uninitialized*, $headings = *uninitialized*, $col_widths = *uninitialized*, $rows = *uninitialized*, $url = *uninitialized*, $action_menu = *uninitialized*, $sort_menu = *uninitialized*) /var/www/langx/public/listsharedtexts.php:63
[02-Aug-2018 21:39:14 Europe/Berlin] PHP Fatal error:  Uncaught Error: Call to a member function fetch_array() on boolean in /var/www/langx/public/classes/table.php:207
Stack trace:
#0 /var/www/langx/public/listsharedtexts.php(63): SharedTextTable->__construct(Object(mysqli), Array, Array, Array, 'showtext.php', Array, Array)
#1 /var/www/langx/public/sharedtexts.php(112): require_once('/var/www/langx/...')
#2 {main}
  thrown in /var/www/langx/public/classes/table.php on line 207
[02-Aug-2018 21:40:34 Europe/Berlin] PHP Notice:  Array to string conversion in /var/www/langx/public/classes/table.php on line 206
[02-Aug-2018 21:40:34 Europe/Berlin] PHP Stack trace:
[02-Aug-2018 21:40:34 Europe/Berlin] PHP   1. {main}() /var/www/langx/public/sharedtexts.php:0
[02-Aug-2018 21:40:34 Europe/Berlin] PHP   2. require_once() /var/www/langx/public/sharedtexts.php:112
[02-Aug-2018 21:40:34 Europe/Berlin] PHP   3. SharedTextTable->__construct($con = *uninitialized*, $headings = *uninitialized*, $col_widths = *uninitialized*, $rows = *uninitialized*, $url = *uninitialized*, $action_menu = *uninitialized*, $sort_menu = *uninitialized*) /var/www/langx/public/listsharedtexts.php:63
[02-Aug-2018 21:41:23 Europe/Berlin] PHP Warning:  explode() expects parameter 2 to be string, array given in /var/www/langx/public/classes/table.php on line 205
[02-Aug-2018 21:41:23 Europe/Berlin] PHP Stack trace:
[02-Aug-2018 21:41:23 Europe/Berlin] PHP   1. {main}() /var/www/langx/public/sharedtexts.php:0
[02-Aug-2018 21:41:23 Europe/Berlin] PHP   2. require_once() /var/www/langx/public/sharedtexts.php:112
[02-Aug-2018 21:41:23 Europe/Berlin] PHP   3. SharedTextTable->__construct() /var/www/langx/public/listsharedtexts.php:63
[02-Aug-2018 21:41:23 Europe/Berlin] PHP   4. explode() /var/www/langx/public/classes/table.php:205
[02-Aug-2018 21:41:23 Europe/Berlin] PHP Fatal error:  Uncaught Error: Call to a member function fetch_array() on boolean in /var/www/langx/public/classes/table.php:207
Stack trace:
#0 /var/www/langx/public/listsharedtexts.php(63): SharedTextTable->__construct(Object(mysqli), Array, Array, Array, 'showtext.php', Array, Array)
#1 /var/www/langx/public/sharedtexts.php(112): require_once('/var/www/langx/...')
#2 {main}
  thrown in /var/www/langx/public/classes/table.php on line 207
[02-Aug-2018 21:42:28 Europe/Berlin] PHP Fatal error:  Uncaught Error: Call to a member function fetch_array() on boolean in /var/www/langx/public/classes/table.php:207
Stack trace:
#0 /var/www/langx/public/listsharedtexts.php(63): SharedTextTable->__construct(Object(mysqli), Array, Array, Array, 'showtext.php', Array, Array)
#1 /var/www/langx/public/sharedtexts.php(112): require_once('/var/www/langx/...')
#2 {main}
  thrown in /var/www/langx/public/classes/table.php on line 207
[02-Aug-2018 21:42:28 Europe/Berlin] PHP Stack trace:
[02-Aug-2018 21:42:28 Europe/Berlin] PHP   1. {main}() /var/www/langx/public/sharedtexts.php:0
[02-Aug-2018 21:42:28 Europe/Berlin] PHP   2. require_once() /var/www/langx/public/sharedtexts.php:112
[02-Aug-2018 21:42:28 Europe/Berlin] PHP   3. SharedTextTable->__construct($con = *uninitialized*, $headings = *uninitialized*, $col_widths = *uninitialized*, $rows = *uninitialized*, $url = *uninitialized*, $action_menu = *uninitialized*, $sort_menu = *uninitialized*) /var/www/langx/public/listsharedtexts.php:63
[02-Aug-2018 21:44:57 Europe/Berlin] PHP Warning:  implode(): Invalid arguments passed in /var/www/langx/public/classes/table.php on line 206
[02-Aug-2018 21:44:57 Europe/Berlin] PHP Stack trace:
[02-Aug-2018 21:44:57 Europe/Berlin] PHP   1. {main}() /var/www/langx/public/sharedtexts.php:0
[02-Aug-2018 21:44:57 Europe/Berlin] PHP   2. require_once() /var/www/langx/public/sharedtexts.php:112
[02-Aug-2018 21:44:57 Europe/Berlin] PHP   3. SharedTextTable->__construct() /var/www/langx/public/listsharedtexts.php:63
[02-Aug-2018 21:44:57 Europe/Berlin] PHP   4. implode() /var/www/langx/public/classes/table.php:206
[02-Aug-2018 21:44:57 Europe/Berlin] PHP Warning:  implode(): Invalid arguments passed in /var/www/langx/public/classes/table.php on line 206
[02-Aug-2018 21:44:57 Europe/Berlin] PHP Stack trace:
[02-Aug-2018 21:44:57 Europe/Berlin] PHP   1. {main}() /var/www/langx/public/sharedtexts.php:0
[02-Aug-2018 21:44:57 Europe/Berlin] PHP   2. require_once() /var/www/langx/public/sharedtexts.php:112
[02-Aug-2018 21:44:57 Europe/Berlin] PHP   3. SharedTextTable->__construct() /var/www/langx/public/listsharedtexts.php:63
[02-Aug-2018 21:44:57 Europe/Berlin] PHP   4. implode() /var/www/langx/public/classes/table.php:206
[02-Aug-2018 21:44:57 Europe/Berlin] PHP Warning:  implode(): Invalid arguments passed in /var/www/langx/public/classes/table.php on line 206
[02-Aug-2018 21:44:57 Europe/Berlin] PHP Stack trace:
[02-Aug-2018 21:44:57 Europe/Berlin] PHP   1. {main}() /var/www/langx/public/sharedtexts.php:0
[02-Aug-2018 21:44:57 Europe/Berlin] PHP   2. require_once() /var/www/langx/public/sharedtexts.php:112
[02-Aug-2018 21:44:57 Europe/Berlin] PHP   3. SharedTextTable->__construct() /var/www/langx/public/listsharedtexts.php:63
[02-Aug-2018 21:44:57 Europe/Berlin] PHP   4. implode() /var/www/langx/public/classes/table.php:206
[02-Aug-2018 21:44:57 Europe/Berlin] PHP Fatal error:  Uncaught Error: Call to a member function fetch_array() on boolean in /var/www/langx/public/classes/table.php:210
Stack trace:
#0 /var/www/langx/public/listsharedtexts.php(63): SharedTextTable->__construct(Object(mysqli), Array, Array, Array, 'showtext.php', Array, Array)
#1 /var/www/langx/public/sharedtexts.php(112): require_once('/var/www/langx/...')
#2 {main}
  thrown in /var/www/langx/public/classes/table.php on line 210
[02-Aug-2018 21:45:41 Europe/Berlin] PHP Warning:  implode(): Invalid arguments passed in /var/www/langx/public/classes/table.php on line 206
[02-Aug-2018 21:45:41 Europe/Berlin] PHP Stack trace:
[02-Aug-2018 21:45:41 Europe/Berlin] PHP   1. {main}() /var/www/langx/public/sharedtexts.php:0
[02-Aug-2018 21:45:41 Europe/Berlin] PHP   2. require_once() /var/www/langx/public/sharedtexts.php:112
[02-Aug-2018 21:45:41 Europe/Berlin] PHP   3. SharedTextTable->__construct() /var/www/langx/public/listsharedtexts.php:63
[02-Aug-2018 21:45:41 Europe/Berlin] PHP   4. implode() /var/www/langx/public/classes/table.php:206
[02-Aug-2018 21:45:41 Europe/Berlin] PHP Warning:  implode(): Invalid arguments passed in /var/www/langx/public/classes/table.php on line 206
[02-Aug-2018 21:45:41 Europe/Berlin] PHP Stack trace:
[02-Aug-2018 21:45:41 Europe/Berlin] PHP   1. {main}() /var/www/langx/public/sharedtexts.php:0
[02-Aug-2018 21:45:41 Europe/Berlin] PHP   2. require_once() /var/www/langx/public/sharedtexts.php:112
[02-Aug-2018 21:45:41 Europe/Berlin] PHP   3. SharedTextTable->__construct() /var/www/langx/public/listsharedtexts.php:63
[02-Aug-2018 21:45:41 Europe/Berlin] PHP   4. implode() /var/www/langx/public/classes/table.php:206
[02-Aug-2018 21:45:41 Europe/Berlin] PHP Warning:  implode(): Invalid arguments passed in /var/www/langx/public/classes/table.php on line 206
[02-Aug-2018 21:45:41 Europe/Berlin] PHP Stack trace:
[02-Aug-2018 21:45:41 Europe/Berlin] PHP   1. {main}() /var/www/langx/public/sharedtexts.php:0
[02-Aug-2018 21:45:41 Europe/Berlin] PHP   2. require_once() /var/www/langx/public/sharedtexts.php:112
[02-Aug-2018 21:45:41 Europe/Berlin] PHP   3. SharedTextTable->__construct() /var/www/langx/public/listsharedtexts.php:63
[02-Aug-2018 21:45:41 Europe/Berlin] PHP   4. implode() /var/www/langx/public/classes/table.php:206
[02-Aug-2018 21:45:41 Europe/Berlin] PHP Fatal error:  Uncaught Error: Call to a member function fetch_array() on boolean in /var/www/langx/public/classes/table.php:210
Stack trace:
#0 /var/www/langx/public/listsharedtexts.php(63): SharedTextTable->__construct(Object(mysqli), Array, Array, Array, 'showtext.php', Array, Array)
#1 /var/www/langx/public/sharedtexts.php(112): require_once('/var/www/langx/...')
#2 {main}
  thrown in /var/www/langx/public/classes/table.php on line 210
[02-Aug-2018 21:45:50 Europe/Berlin] PHP Warning:  implode(): Invalid arguments passed in /var/www/langx/public/classes/table.php on line 206
[02-Aug-2018 21:45:50 Europe/Berlin] PHP Stack trace:
[02-Aug-2018 21:45:50 Europe/Berlin] PHP   1. {main}() /var/www/langx/public/sharedtexts.php:0
[02-Aug-2018 21:45:50 Europe/Berlin] PHP   2. require_once() /var/www/langx/public/sharedtexts.php:112
[02-Aug-2018 21:45:50 Europe/Berlin] PHP   3. SharedTextTable->__construct($con = *uninitialized*, $headings = *uninitialized*, $col_widths = *uninitialized*, $rows = *uninitialized*, $url = *uninitialized*, $action_menu = *uninitialized*, $sort_menu = *uninitialized*) /var/www/langx/public/listsharedtexts.php:63
[02-Aug-2018 21:45:50 Europe/Berlin] PHP   4. implode(*uninitialized*, *uninitialized*) /var/www/langx/public/classes/table.php:206
[02-Aug-2018 21:46:23 Europe/Berlin] PHP Warning:  implode(): Invalid arguments passed in /var/www/langx/public/classes/table.php on line 206
[02-Aug-2018 21:46:23 Europe/Berlin] PHP Stack trace:
[02-Aug-2018 21:46:23 Europe/Berlin] PHP   1. {main}() /var/www/langx/public/sharedtexts.php:0
[02-Aug-2018 21:46:23 Europe/Berlin] PHP   2. require_once() /var/www/langx/public/sharedtexts.php:112
[02-Aug-2018 21:46:23 Europe/Berlin] PHP   3. SharedTextTable->__construct() /var/www/langx/public/listsharedtexts.php:63
[02-Aug-2018 21:46:23 Europe/Berlin] PHP   4. implode() /var/www/langx/public/classes/table.php:206
[02-Aug-2018 21:46:23 Europe/Berlin] PHP Warning:  implode(): Invalid arguments passed in /var/www/langx/public/classes/table.php on line 206
[02-Aug-2018 21:46:23 Europe/Berlin] PHP Stack trace:
[02-Aug-2018 21:46:23 Europe/Berlin] PHP   1. {main}() /var/www/langx/public/sharedtexts.php:0
[02-Aug-2018 21:46:23 Europe/Berlin] PHP   2. require_once() /var/www/langx/public/sharedtexts.php:112
[02-Aug-2018 21:46:23 Europe/Berlin] PHP   3. SharedTextTable->__construct() /var/www/langx/public/listsharedtexts.php:63
[02-Aug-2018 21:46:23 Europe/Berlin] PHP   4. implode() /var/www/langx/public/classes/table.php:206
[02-Aug-2018 21:46:23 Europe/Berlin] PHP Warning:  implode(): Invalid arguments passed in /var/www/langx/public/classes/table.php on line 206
[02-Aug-2018 21:46:23 Europe/Berlin] PHP Stack trace:
[02-Aug-2018 21:46:23 Europe/Berlin] PHP   1. {main}() /var/www/langx/public/sharedtexts.php:0
[02-Aug-2018 21:46:23 Europe/Berlin] PHP   2. require_once() /var/www/langx/public/sharedtexts.php:112
[02-Aug-2018 21:46:23 Europe/Berlin] PHP   3. SharedTextTable->__construct() /var/www/langx/public/listsharedtexts.php:63
[02-Aug-2018 21:46:23 Europe/Berlin] PHP   4. implode() /var/www/langx/public/classes/table.php:206
[02-Aug-2018 21:46:23 Europe/Berlin] PHP Notice:  Array to string conversion in /var/www/langx/public/classes/table.php on line 209
[02-Aug-2018 21:46:23 Europe/Berlin] PHP Stack trace:
[02-Aug-2018 21:46:23 Europe/Berlin] PHP   1. {main}() /var/www/langx/public/sharedtexts.php:0
[02-Aug-2018 21:46:23 Europe/Berlin] PHP   2. require_once() /var/www/langx/public/sharedtexts.php:112
[02-Aug-2018 21:46:23 Europe/Berlin] PHP   3. SharedTextTable->__construct() /var/www/langx/public/listsharedtexts.php:63
[02-Aug-2018 21:46:23 Europe/Berlin] PHP Fatal error:  Uncaught Error: Call to a member function fetch_array() on boolean in /var/www/langx/public/classes/table.php:210
Stack trace:
#0 /var/www/langx/public/listsharedtexts.php(63): SharedTextTable->__construct(Object(mysqli), Array, Array, Array, 'showtext.php', Array, Array)
#1 /var/www/langx/public/sharedtexts.php(112): require_once('/var/www/langx/...')
#2 {main}
  thrown in /var/www/langx/public/classes/table.php on line 210
[02-Aug-2018 21:46:41 Europe/Berlin] PHP Warning:  implode(): Invalid arguments passed in /var/www/langx/public/classes/table.php on line 207
[02-Aug-2018 21:46:41 Europe/Berlin] PHP Stack trace:
[02-Aug-2018 21:46:41 Europe/Berlin] PHP   1. {main}() /var/www/langx/public/sharedtexts.php:0
[02-Aug-2018 21:46:41 Europe/Berlin] PHP   2. require_once() /var/www/langx/public/sharedtexts.php:112
[02-Aug-2018 21:46:41 Europe/Berlin] PHP   3. SharedTextTable->__construct() /var/www/langx/public/listsharedtexts.php:63
[02-Aug-2018 21:46:41 Europe/Berlin] PHP   4. implode() /var/www/langx/public/classes/table.php:207
[02-Aug-2018 21:46:41 Europe/Berlin] PHP Warning:  implode(): Invalid arguments passed in /var/www/langx/public/classes/table.php on line 207
[02-Aug-2018 21:46:41 Europe/Berlin] PHP Stack trace:
[02-Aug-2018 21:46:41 Europe/Berlin] PHP   1. {main}() /var/www/langx/public/sharedtexts.php:0
[02-Aug-2018 21:46:41 Europe/Berlin] PHP   2. require_once() /var/www/langx/public/sharedtexts.php:112
[02-Aug-2018 21:46:41 Europe/Berlin] PHP   3. SharedTextTable->__construct() /var/www/langx/public/listsharedtexts.php:63
[02-Aug-2018 21:46:41 Europe/Berlin] PHP   4. implode() /var/www/langx/public/classes/table.php:207
[02-Aug-2018 21:46:41 Europe/Berlin] PHP Warning:  implode(): Invalid arguments passed in /var/www/langx/public/classes/table.php on line 207
[02-Aug-2018 21:46:41 Europe/Berlin] PHP Stack trace:
[02-Aug-2018 21:46:41 Europe/Berlin] PHP   1. {main}() /var/www/langx/public/sharedtexts.php:0
[02-Aug-2018 21:46:41 Europe/Berlin] PHP   2. require_once() /var/www/langx/public/sharedtexts.php:112
[02-Aug-2018 21:46:41 Europe/Berlin] PHP   3. SharedTextTable->__construct() /var/www/langx/public/listsharedtexts.php:63
[02-Aug-2018 21:46:41 Europe/Berlin] PHP   4. implode() /var/www/langx/public/classes/table.php:207
[02-Aug-2018 21:46:41 Europe/Berlin] PHP Fatal error:  Uncaught Error: Call to a member function fetch_array() on boolean in /var/www/langx/public/classes/table.php:211
Stack trace:
#0 /var/www/langx/public/listsharedtexts.php(63): SharedTextTable->__construct(Object(mysqli), Array, Array, Array, 'showtext.php', Array, Array)
#1 /var/www/langx/public/sharedtexts.php(112): require_once('/var/www/langx/...')
#2 {main}
  thrown in /var/www/langx/public/classes/table.php on line 211
[02-Aug-2018 21:49:39 Europe/Berlin] PHP Fatal error:  Uncaught Error: [] operator not supported for strings in /var/www/langx/public/classes/table.php:207
Stack trace:
#0 /var/www/langx/public/listsharedtexts.php(63): SharedTextTable->__construct(Object(mysqli), Array, Array, Array, 'showtext.php', Array, Array)
#1 /var/www/langx/public/sharedtexts.php(112): require_once('/var/www/langx/...')
#2 {main}
  thrown in /var/www/langx/public/classes/table.php on line 207
[02-Aug-2018 21:50:08 Europe/Berlin] PHP Notice:  Undefined offset: 1 in /var/www/langx/public/classes/table.php on line 174
[02-Aug-2018 21:50:08 Europe/Berlin] PHP Stack trace:
[02-Aug-2018 21:50:08 Europe/Berlin] PHP   1. {main}() /var/www/langx/public/sharedtexts.php:0
[02-Aug-2018 21:50:08 Europe/Berlin] PHP   2. require_once() /var/www/langx/public/sharedtexts.php:112
[02-Aug-2018 21:50:08 Europe/Berlin] PHP   3. SharedTextTable->print() /var/www/langx/public/listsharedtexts.php:64
[02-Aug-2018 21:50:08 Europe/Berlin] PHP   4. SharedTextTable->print_content() /var/www/langx/public/classes/table.php:43
[02-Aug-2018 21:50:08 Europe/Berlin] PHP Notice:  Undefined offset: 2 in /var/www/langx/public/classes/table.php on line 174
[02-Aug-2018 21:50:08 Europe/Berlin] PHP Stack trace:
[02-Aug-2018 21:50:08 Europe/Berlin] PHP   1. {main}() /var/www/langx/public/sharedtexts.php:0
[02-Aug-2018 21:50:08 Europe/Berlin] PHP   2. require_once() /var/www/langx/public/sharedtexts.php:112
[02-Aug-2018 21:50:08 Europe/Berlin] PHP   3. SharedTextTable->print() /var/www/langx/public/listsharedtexts.php:64
[02-Aug-2018 21:50:08 Europe/Berlin] PHP   4. SharedTextTable->print_content() /var/www/langx/public/classes/table.php:43
[03-Aug-2018 11:43:04 Europe/Berlin] PHP Notice:  Undefined offset: 1 in /var/www/langx/public/classes/table.php on line 174
[03-Aug-2018 11:43:04 Europe/Berlin] PHP Stack trace:
[03-Aug-2018 11:43:04 Europe/Berlin] PHP   1. {main}() /var/www/langx/public/sharedtexts.php:0
[03-Aug-2018 11:43:04 Europe/Berlin] PHP   2. require_once() /var/www/langx/public/sharedtexts.php:112
[03-Aug-2018 11:43:04 Europe/Berlin] PHP   3. SharedTextTable->print($sort_by = *uninitialized*) /var/www/langx/public/listsharedtexts.php:64
[03-Aug-2018 11:43:04 Europe/Berlin] PHP   4. SharedTextTable->print_content() /var/www/langx/public/classes/table.php:43
[03-Aug-2018 11:43:04 Europe/Berlin] PHP Notice:  Undefined offset: 2 in /var/www/langx/public/classes/table.php on line 174
[03-Aug-2018 11:43:04 Europe/Berlin] PHP Stack trace:
[03-Aug-2018 11:43:04 Europe/Berlin] PHP   1. {main}() /var/www/langx/public/sharedtexts.php:0
[03-Aug-2018 11:43:04 Europe/Berlin] PHP   2. require_once() /var/www/langx/public/sharedtexts.php:112
[03-Aug-2018 11:43:04 Europe/Berlin] PHP   3. SharedTextTable->print($sort_by = *uninitialized*) /var/www/langx/public/listsharedtexts.php:64
[03-Aug-2018 11:43:04 Europe/Berlin] PHP   4. SharedTextTable->print_content() /var/www/langx/public/classes/table.php:43
[03-Aug-2018 11:47:31 Europe/Berlin] PHP Fatal error:  Cannot use [] for reading in /var/www/langx/public/classes/table.php on line 215
[03-Aug-2018 11:47:31 Europe/Berlin] PHP Stack trace:
[03-Aug-2018 11:47:31 Europe/Berlin] PHP   1. {main}() /var/www/langx/public/sharedtexts.php:0
[03-Aug-2018 11:47:31 Europe/Berlin] PHP   2. require_once() /var/www/langx/public/sharedtexts.php:112
[03-Aug-2018 11:48:42 Europe/Berlin] PHP Notice:  Undefined offset: 0 in /var/www/langx/public/classes/table.php on line 174
[03-Aug-2018 11:48:42 Europe/Berlin] PHP Stack trace:
[03-Aug-2018 11:48:42 Europe/Berlin] PHP   1. {main}() /var/www/langx/public/sharedtexts.php:0
[03-Aug-2018 11:48:42 Europe/Berlin] PHP   2. require_once() /var/www/langx/public/sharedtexts.php:112
[03-Aug-2018 11:48:42 Europe/Berlin] PHP   3. SharedTextTable->print($sort_by = *uninitialized*) /var/www/langx/public/listsharedtexts.php:64
[03-Aug-2018 11:48:42 Europe/Berlin] PHP   4. SharedTextTable->print_content() /var/www/langx/public/classes/table.php:43
[03-Aug-2018 11:48:42 Europe/Berlin] PHP Notice:  Undefined offset: 1 in /var/www/langx/public/classes/table.php on line 173
[03-Aug-2018 11:48:42 Europe/Berlin] PHP Stack trace:
[03-Aug-2018 11:48:42 Europe/Berlin] PHP   1. {main}() /var/www/langx/public/sharedtexts.php:0
[03-Aug-2018 11:48:42 Europe/Berlin] PHP   2. require_once() /var/www/langx/public/sharedtexts.php:112
[03-Aug-2018 11:48:42 Europe/Berlin] PHP   3. SharedTextTable->print($sort_by = *uninitialized*) /var/www/langx/public/listsharedtexts.php:64
[03-Aug-2018 11:48:42 Europe/Berlin] PHP   4. SharedTextTable->print_content() /var/www/langx/public/classes/table.php:43
[03-Aug-2018 11:48:42 Europe/Berlin] PHP Notice:  Undefined offset: 1 in /var/www/langx/public/classes/table.php on line 174
[03-Aug-2018 11:48:42 Europe/Berlin] PHP Stack trace:
[03-Aug-2018 11:48:42 Europe/Berlin] PHP   1. {main}() /var/www/langx/public/sharedtexts.php:0
[03-Aug-2018 11:48:42 Europe/Berlin] PHP   2. require_once() /var/www/langx/public/sharedtexts.php:112
[03-Aug-2018 11:48:42 Europe/Berlin] PHP   3. SharedTextTable->print($sort_by = *uninitialized*) /var/www/langx/public/listsharedtexts.php:64
[03-Aug-2018 11:48:42 Europe/Berlin] PHP   4. SharedTextTable->print_content() /var/www/langx/public/classes/table.php:43
[03-Aug-2018 11:48:42 Europe/Berlin] PHP Notice:  Undefined offset: 2 in /var/www/langx/public/classes/table.php on line 173
[03-Aug-2018 11:48:42 Europe/Berlin] PHP Stack trace:
[03-Aug-2018 11:48:42 Europe/Berlin] PHP   1. {main}() /var/www/langx/public/sharedtexts.php:0
[03-Aug-2018 11:48:42 Europe/Berlin] PHP   2. require_once() /var/www/langx/public/sharedtexts.php:112
[03-Aug-2018 11:48:42 Europe/Berlin] PHP   3. SharedTextTable->print($sort_by = *uninitialized*) /var/www/langx/public/listsharedtexts.php:64
[03-Aug-2018 11:48:42 Europe/Berlin] PHP   4. SharedTextTable->print_content() /var/www/langx/public/classes/table.php:43
[03-Aug-2018 11:48:42 Europe/Berlin] PHP Notice:  Undefined offset: 2 in /var/www/langx/public/classes/table.php on line 174
[03-Aug-2018 11:48:42 Europe/Berlin] PHP Stack trace:
[03-Aug-2018 11:48:42 Europe/Berlin] PHP   1. {main}() /var/www/langx/public/sharedtexts.php:0
[03-Aug-2018 11:48:42 Europe/Berlin] PHP   2. require_once() /var/www/langx/public/sharedtexts.php:112
[03-Aug-2018 11:48:42 Europe/Berlin] PHP   3. SharedTextTable->print($sort_by = *uninitialized*) /var/www/langx/public/listsharedtexts.php:64
[03-Aug-2018 11:48:42 Europe/Berlin] PHP   4. SharedTextTable->print_content() /var/www/langx/public/classes/table.php:43
[03-Aug-2018 11:50:53 Europe/Berlin] PHP Fatal error:  Uncaught Error: Call to a member function fetch_all() on boolean in /var/www/langx/public/classes/table.php:216
Stack trace:
#0 /var/www/langx/public/listsharedtexts.php(63): SharedTextTable->__construct(Object(mysqli), Array, Array, Array, 'showtext.php', Array, Array)
#1 /var/www/langx/public/sharedtexts.php(112): require_once('/var/www/langx/...')
#2 {main}
  thrown in /var/www/langx/public/classes/table.php on line 216
[03-Aug-2018 12:00:39 Europe/Berlin] PHP Notice:  Undefined offset: 1 in /var/www/langx/public/classes/table.php on line 174
[03-Aug-2018 12:00:39 Europe/Berlin] PHP Stack trace:
[03-Aug-2018 12:00:39 Europe/Berlin] PHP   1. {main}() /var/www/langx/public/sharedtexts.php:0
[03-Aug-2018 12:00:39 Europe/Berlin] PHP   2. require_once() /var/www/langx/public/sharedtexts.php:112
[03-Aug-2018 12:00:39 Europe/Berlin] PHP   3. SharedTextTable->print($sort_by = *uninitialized*) /var/www/langx/public/listsharedtexts.php:64
[03-Aug-2018 12:00:39 Europe/Berlin] PHP   4. SharedTextTable->print_content() /var/www/langx/public/classes/table.php:43
[03-Aug-2018 12:00:39 Europe/Berlin] PHP Notice:  Undefined offset: 2 in /var/www/langx/public/classes/table.php on line 174
[03-Aug-2018 12:00:39 Europe/Berlin] PHP Stack trace:
[03-Aug-2018 12:00:39 Europe/Berlin] PHP   1. {main}() /var/www/langx/public/sharedtexts.php:0
[03-Aug-2018 12:00:39 Europe/Berlin] PHP   2. require_once() /var/www/langx/public/sharedtexts.php:112
[03-Aug-2018 12:00:39 Europe/Berlin] PHP   3. SharedTextTable->print($sort_by = *uninitialized*) /var/www/langx/public/listsharedtexts.php:64
[03-Aug-2018 12:00:39 Europe/Berlin] PHP   4. SharedTextTable->print_content() /var/www/langx/public/classes/table.php:43
[03-Aug-2018 12:14:24 Europe/Berlin] PHP Notice:  Undefined variable: row in /var/www/langx/public/classes/table.php on line 176
[03-Aug-2018 12:14:24 Europe/Berlin] PHP Stack trace:
[03-Aug-2018 12:14:24 Europe/Berlin] PHP   1. {main}() /var/www/langx/public/sharedtexts.php:0
[03-Aug-2018 12:14:24 Europe/Berlin] PHP   2. require_once() /var/www/langx/public/sharedtexts.php:112
[03-Aug-2018 12:14:24 Europe/Berlin] PHP   3. SharedTextTable->print($sort_by = *uninitialized*) /var/www/langx/public/listsharedtexts.php:64
[03-Aug-2018 12:14:24 Europe/Berlin] PHP   4. SharedTextTable->print_content() /var/www/langx/public/classes/table.php:43
[03-Aug-2018 12:14:24 Europe/Berlin] PHP Notice:  Undefined variable: row in /var/www/langx/public/classes/table.php on line 176
[03-Aug-2018 12:14:24 Europe/Berlin] PHP Stack trace:
[03-Aug-2018 12:14:24 Europe/Berlin] PHP   1. {main}() /var/www/langx/public/sharedtexts.php:0
[03-Aug-2018 12:14:24 Europe/Berlin] PHP   2. require_once() /var/www/langx/public/sharedtexts.php:112
[03-Aug-2018 12:14:24 Europe/Berlin] PHP   3. SharedTextTable->print($sort_by = *uninitialized*) /var/www/langx/public/listsharedtexts.php:64
[03-Aug-2018 12:14:24 Europe/Berlin] PHP   4. SharedTextTable->print_content() /var/www/langx/public/classes/table.php:43
[03-Aug-2018 12:14:24 Europe/Berlin] PHP Notice:  Undefined variable: row in /var/www/langx/public/classes/table.php on line 176
[03-Aug-2018 12:14:24 Europe/Berlin] PHP Stack trace:
[03-Aug-2018 12:14:24 Europe/Berlin] PHP   1. {main}() /var/www/langx/public/sharedtexts.php:0
[03-Aug-2018 12:14:24 Europe/Berlin] PHP   2. require_once() /var/www/langx/public/sharedtexts.php:112
[03-Aug-2018 12:14:24 Europe/Berlin] PHP   3. SharedTextTable->print($sort_by = *uninitialized*) /var/www/langx/public/listsharedtexts.php:64
[03-Aug-2018 12:14:24 Europe/Berlin] PHP   4. SharedTextTable->print_content() /var/www/langx/public/classes/table.php:43
[03-Aug-2018 12:14:48 Europe/Berlin] PHP Notice:  Undefined variable: rows in /var/www/langx/public/classes/table.php on line 176
[03-Aug-2018 12:14:48 Europe/Berlin] PHP Stack trace:
[03-Aug-2018 12:14:48 Europe/Berlin] PHP   1. {main}() /var/www/langx/public/sharedtexts.php:0
[03-Aug-2018 12:14:48 Europe/Berlin] PHP   2. require_once() /var/www/langx/public/sharedtexts.php:112
[03-Aug-2018 12:14:48 Europe/Berlin] PHP   3. SharedTextTable->print($sort_by = *uninitialized*) /var/www/langx/public/listsharedtexts.php:64
[03-Aug-2018 12:14:48 Europe/Berlin] PHP   4. SharedTextTable->print_content() /var/www/langx/public/classes/table.php:43
[03-Aug-2018 12:14:48 Europe/Berlin] PHP Notice:  Undefined variable: rows in /var/www/langx/public/classes/table.php on line 176
[03-Aug-2018 12:14:48 Europe/Berlin] PHP Stack trace:
[03-Aug-2018 12:14:48 Europe/Berlin] PHP   1. {main}() /var/www/langx/public/sharedtexts.php:0
[03-Aug-2018 12:14:48 Europe/Berlin] PHP   2. require_once() /var/www/langx/public/sharedtexts.php:112
[03-Aug-2018 12:14:48 Europe/Berlin] PHP   3. SharedTextTable->print($sort_by = *uninitialized*) /var/www/langx/public/listsharedtexts.php:64
[03-Aug-2018 12:14:48 Europe/Berlin] PHP   4. SharedTextTable->print_content() /var/www/langx/public/classes/table.php:43
[03-Aug-2018 12:14:48 Europe/Berlin] PHP Notice:  Undefined variable: rows in /var/www/langx/public/classes/table.php on line 176
[03-Aug-2018 12:14:48 Europe/Berlin] PHP Stack trace:
[03-Aug-2018 12:14:48 Europe/Berlin] PHP   1. {main}() /var/www/langx/public/sharedtexts.php:0
[03-Aug-2018 12:14:48 Europe/Berlin] PHP   2. require_once() /var/www/langx/public/sharedtexts.php:112
[03-Aug-2018 12:14:48 Europe/Berlin] PHP   3. SharedTextTable->print($sort_by = *uninitialized*) /var/www/langx/public/listsharedtexts.php:64
[03-Aug-2018 12:14:48 Europe/Berlin] PHP   4. SharedTextTable->print_content() /var/www/langx/public/classes/table.php:43
[03-Aug-2018 13:16:41 Europe/Berlin] PHP Notice:  Undefined variable: show_archived in /var/www/langx/public/sharedtexts.php on line 36
[03-Aug-2018 13:16:41 Europe/Berlin] PHP Stack trace:
[03-Aug-2018 13:16:41 Europe/Berlin] PHP   1. {main}() /var/www/langx/public/sharedtexts.php:0
[03-Aug-2018 13:16:41 Europe/Berlin] PHP Notice:  Undefined variable: show_archived in /var/www/langx/public/listsharedtexts.php on line 66
[03-Aug-2018 13:16:41 Europe/Berlin] PHP Stack trace:
[03-Aug-2018 13:16:41 Europe/Berlin] PHP   1. {main}() /var/www/langx/public/sharedtexts.php:0
[03-Aug-2018 13:16:41 Europe/Berlin] PHP   2. require_once() /var/www/langx/public/sharedtexts.php:99
[03-Aug-2018 13:17:17 Europe/Berlin] PHP Notice:  Undefined variable: show_archived in /var/www/langx/public/listsharedtexts.php on line 66
[03-Aug-2018 13:17:17 Europe/Berlin] PHP Stack trace:
[03-Aug-2018 13:17:17 Europe/Berlin] PHP   1. {main}() /var/www/langx/public/sharedtexts.php:0
[03-Aug-2018 13:17:17 Europe/Berlin] PHP   2. require_once() /var/www/langx/public/sharedtexts.php:98
[03-Aug-2018 13:17:56 Europe/Berlin] PHP Notice:  Undefined variable: show_archived in /var/www/langx/public/listsharedtexts.php on line 66
[03-Aug-2018 13:17:56 Europe/Berlin] PHP Stack trace:
[03-Aug-2018 13:17:56 Europe/Berlin] PHP   1. {main}() /var/www/langx/public/sharedtexts.php:0
[03-Aug-2018 13:17:56 Europe/Berlin] PHP   2. require_once() /var/www/langx/public/sharedtexts.php:98
[03-Aug-2018 13:18:18 Europe/Berlin] PHP Notice:  Undefined variable: show_archived in /var/www/langx/public/listsharedtexts.php on line 66
[03-Aug-2018 13:18:18 Europe/Berlin] PHP Stack trace:
[03-Aug-2018 13:18:18 Europe/Berlin] PHP   1. {main}() /var/www/langx/public/sharedtexts.php:0
[03-Aug-2018 13:18:18 Europe/Berlin] PHP   2. require_once() /var/www/langx/public/sharedtexts.php:98
[03-Aug-2018 19:26:56 Europe/Berlin] PHP Notice:  Undefined variable: show_archived in /var/www/langx/public/listsharedtexts.php on line 66
[03-Aug-2018 19:26:56 Europe/Berlin] PHP Stack trace:
[03-Aug-2018 19:26:56 Europe/Berlin] PHP   1. {main}() /var/www/langx/public/sharedtexts.php:0
[03-Aug-2018 19:26:56 Europe/Berlin] PHP   2. require_once() /var/www/langx/public/sharedtexts.php:98
[03-Aug-2018 20:24:23 Europe/Berlin] PHP Notice:  Undefined index: art_is_shared in /var/www/langx/public/addtext.php on line 23
[03-Aug-2018 20:24:23 Europe/Berlin] PHP Stack trace:
[03-Aug-2018 20:24:23 Europe/Berlin] PHP   1. {main}() /var/www/langx/public/addtext.php:0
[03-Aug-2018 20:24:50 Europe/Berlin] PHP Notice:  Undefined index: art_is_shared in /var/www/langx/public/addtext.php on line 23
[03-Aug-2018 20:24:50 Europe/Berlin] PHP Stack trace:
[03-Aug-2018 20:24:50 Europe/Berlin] PHP   1. {main}() /var/www/langx/public/addtext.php:0
[03-Aug-2018 20:59:17 Europe/Berlin] PHP Fatal error:  Uncaught Error: Call to a member function query() on null in /var/www/langx/public/classes/reader.php:179
Stack trace:
#0 /var/www/langx/public/classes/reader.php(282): Reader->colorizeWords(NULL)
#1 /var/www/langx/public/showtext.php(65): Reader->showText()
#2 {main}
  thrown in /var/www/langx/public/classes/reader.php on line 179
[03-Aug-2018 21:06:00 Europe/Berlin] PHP Fatal error:  Uncaught Error: Call to a member function query() on null in /var/www/langx/public/classes/reader.php:179
Stack trace:
#0 /var/www/langx/public/classes/reader.php(282): Reader->colorizeWords(NULL)
#1 /var/www/langx/public/showtext.php(65): Reader->showText()
#2 {main}
  thrown in /var/www/langx/public/classes/reader.php on line 179
[03-Aug-2018 21:06:51 Europe/Berlin] PHP Fatal error:  Uncaught Error: Call to a member function query() on null in /var/www/langx/public/classes/reader.php:178
Stack trace:
#0 /var/www/langx/public/classes/reader.php(281): Reader->colorizeWords(NULL)
#1 /var/www/langx/public/showtext.php(65): Reader->showText()
#2 {main}
  thrown in /var/www/langx/public/classes/reader.php on line 178
[03-Aug-2018 21:06:56 Europe/Berlin] PHP Fatal error:  Uncaught Error: Call to a member function query() on null in /var/www/langx/public/classes/reader.php:178
Stack trace:
#0 /var/www/langx/public/classes/reader.php(281): Reader->colorizeWords(NULL)
#1 /var/www/langx/public/showtext.php(65): Reader->showText()
#2 {main}
  thrown in /var/www/langx/public/classes/reader.php on line 178
[03-Aug-2018 21:08:32 Europe/Berlin] PHP Fatal error:  Uncaught Error: Call to a member function query() on null in /var/www/langx/public/classes/reader.php:178
Stack trace:
#0 /var/www/langx/public/classes/reader.php(281): Reader->colorizeWords(NULL)
#1 /var/www/langx/public/showtext.php(65): Reader->showText()
#2 {main}
  thrown in /var/www/langx/public/classes/reader.php on line 178
[03-Aug-2018 21:08:51 Europe/Berlin] PHP Fatal error:  Uncaught Error: Call to a member function query() on null in /var/www/langx/public/classes/reader.php:178
Stack trace:
#0 /var/www/langx/public/classes/reader.php(281): Reader->colorizeWords(NULL)
#1 /var/www/langx/public/showtext.php(65): Reader->showText()
#2 {main}
  thrown in /var/www/langx/public/classes/reader.php on line 178
[03-Aug-2018 21:09:46 Europe/Berlin] PHP Fatal error:  Uncaught Error: Call to a member function query() on null in /var/www/langx/public/classes/reader.php:178
Stack trace:
#0 /var/www/langx/public/classes/reader.php(281): Reader->colorizeWords(NULL)
#1 /var/www/langx/public/showtext.php(65): Reader->showText()
#2 {main}
  thrown in /var/www/langx/public/classes/reader.php on line 178
[03-Aug-2018 21:09:46 Europe/Berlin] PHP Stack trace:
[03-Aug-2018 21:09:46 Europe/Berlin] PHP   1. {main}() /var/www/langx/public/showtext.php:0
[03-Aug-2018 21:09:46 Europe/Berlin] PHP   2. Reader->showText() /var/www/langx/public/showtext.php:65
[03-Aug-2018 21:09:46 Europe/Berlin] PHP   3. Reader->colorizeWords($text = *uninitialized*) /var/www/langx/public/classes/reader.php:281
[03-Aug-2018 21:10:05 Europe/Berlin] PHP Fatal error:  Uncaught Error: Call to a member function query() on null in /var/www/langx/public/classes/reader.php:178
Stack trace:
#0 /var/www/langx/public/classes/reader.php(281): Reader->colorizeWords(NULL)
#1 /var/www/langx/public/showtext.php(65): Reader->showText()
#2 {main}
  thrown in /var/www/langx/public/classes/reader.php on line 178
[03-Aug-2018 21:10:13 Europe/Berlin] PHP Fatal error:  Uncaught Error: Call to a member function query() on null in /var/www/langx/public/classes/reader.php:178
Stack trace:
#0 /var/www/langx/public/classes/reader.php(281): Reader->colorizeWords(NULL)
#1 /var/www/langx/public/showtext.php(65): Reader->showText()
#2 {main}
  thrown in /var/www/langx/public/classes/reader.php on line 178
[03-Aug-2018 21:10:29 Europe/Berlin] PHP Fatal error:  Uncaught Error: Call to a member function query() on null in /var/www/langx/public/classes/reader.php:178
Stack trace:
#0 /var/www/langx/public/classes/reader.php(281): Reader->colorizeWords(NULL)
#1 /var/www/langx/public/showtext.php(65): Reader->showText()
#2 {main}
  thrown in /var/www/langx/public/classes/reader.php on line 178
[03-Aug-2018 21:10:37 Europe/Berlin] PHP Fatal error:  Uncaught Error: Call to a member function query() on null in /var/www/langx/public/classes/reader.php:178
Stack trace:
#0 /var/www/langx/public/classes/reader.php(281): Reader->colorizeWords(NULL)
#1 /var/www/langx/public/showtext.php(65): Reader->showText()
#2 {main}
  thrown in /var/www/langx/public/classes/reader.php on line 178
[03-Aug-2018 21:11:08 Europe/Berlin] PHP Fatal error:  Uncaught Error: Call to a member function query() on null in /var/www/langx/public/classes/reader.php:178
Stack trace:
#0 /var/www/langx/public/classes/reader.php(281): Reader->colorizeWords(NULL)
#1 /var/www/langx/public/showtext.php(65): Reader->showText()
#2 {main}
  thrown in /var/www/langx/public/classes/reader.php on line 178
[03-Aug-2018 21:11:43 Europe/Berlin] PHP Fatal error:  Uncaught Error: Call to a member function query() on null in /var/www/langx/public/classes/reader.php:178
Stack trace:
#0 /var/www/langx/public/classes/reader.php(281): Reader->colorizeWords(NULL)
#1 /var/www/langx/public/showtext.php(65): Reader->showText()
#2 {main}
  thrown in /var/www/langx/public/classes/reader.php on line 178
[03-Aug-2018 21:16:13 Europe/Berlin] PHP Notice:  Undefined index: textTitle in /var/www/langx/public/classes/reader.php on line 36
[03-Aug-2018 21:16:13 Europe/Berlin] PHP Stack trace:
[03-Aug-2018 21:16:13 Europe/Berlin] PHP   1. {main}() /var/www/langx/public/showtext.php:0
[03-Aug-2018 21:16:13 Europe/Berlin] PHP   2. Reader->__construct(*uninitialized*, *uninitialized*, *uninitialized*, *uninitialized*, *uninitialized*) /var/www/langx/public/showtext.php:33
[03-Aug-2018 21:16:13 Europe/Berlin] PHP   3. Reader->createFullReader($con = *uninitialized*, $is_shared = *uninitialized*, $text_id = *uninitialized*, $user_id = *uninitialized*, $learning_lang_id = *uninitialized*) /var/www/langx/public/classes/reader.php:86
[03-Aug-2018 21:16:13 Europe/Berlin] PHP   4. Reader->__construct($con = *uninitialized*, $id = *uninitialized*, $is_shared = *uninitialized*) /var/www/langx/public/classes/reader.php:102
[03-Aug-2018 21:16:13 Europe/Berlin] PHP Notice:  Undefined index: textAuthor in /var/www/langx/public/classes/reader.php on line 37
[03-Aug-2018 21:16:13 Europe/Berlin] PHP Stack trace:
[03-Aug-2018 21:16:13 Europe/Berlin] PHP   1. {main}() /var/www/langx/public/showtext.php:0
[03-Aug-2018 21:16:13 Europe/Berlin] PHP   2. Reader->__construct(*uninitialized*, *uninitialized*, *uninitialized*, *uninitialized*, *uninitialized*) /var/www/langx/public/showtext.php:33
[03-Aug-2018 21:16:13 Europe/Berlin] PHP   3. Reader->createFullReader($con = *uninitialized*, $is_shared = *uninitialized*, $text_id = *uninitialized*, $user_id = *uninitialized*, $learning_lang_id = *uninitialized*) /var/www/langx/public/classes/reader.php:86
[03-Aug-2018 21:16:13 Europe/Berlin] PHP   4. Reader->__construct($con = *uninitialized*, $id = *uninitialized*, $is_shared = *uninitialized*) /var/www/langx/public/classes/reader.php:102
[03-Aug-2018 21:16:13 Europe/Berlin] PHP Notice:  Undefined index: textSourceURI in /var/www/langx/public/classes/reader.php on line 38
[03-Aug-2018 21:16:13 Europe/Berlin] PHP Stack trace:
[03-Aug-2018 21:16:13 Europe/Berlin] PHP   1. {main}() /var/www/langx/public/showtext.php:0
[03-Aug-2018 21:16:13 Europe/Berlin] PHP   2. Reader->__construct(*uninitialized*, *uninitialized*, *uninitialized*, *uninitialized*, *uninitialized*) /var/www/langx/public/showtext.php:33
[03-Aug-2018 21:16:13 Europe/Berlin] PHP   3. Reader->createFullReader($con = *uninitialized*, $is_shared = *uninitialized*, $text_id = *uninitialized*, $user_id = *uninitialized*, $learning_lang_id = *uninitialized*) /var/www/langx/public/classes/reader.php:86
[03-Aug-2018 21:16:13 Europe/Berlin] PHP   4. Reader->__construct($con = *uninitialized*, $id = *uninitialized*, $is_shared = *uninitialized*) /var/www/langx/public/classes/reader.php:102
[03-Aug-2018 21:16:13 Europe/Berlin] PHP Notice:  Undefined index: textAudioURI in /var/www/langx/public/classes/reader.php on line 39
[03-Aug-2018 21:16:13 Europe/Berlin] PHP Stack trace:
[03-Aug-2018 21:16:13 Europe/Berlin] PHP   1. {main}() /var/www/langx/public/showtext.php:0
[03-Aug-2018 21:16:13 Europe/Berlin] PHP   2. Reader->__construct(*uninitialized*, *uninitialized*, *uninitialized*, *uninitialized*, *uninitialized*) /var/www/langx/public/showtext.php:33
[03-Aug-2018 21:16:13 Europe/Berlin] PHP   3. Reader->createFullReader($con = *uninitialized*, $is_shared = *uninitialized*, $text_id = *uninitialized*, $user_id = *uninitialized*, $learning_lang_id = *uninitialized*) /var/www/langx/public/classes/reader.php:86
[03-Aug-2018 21:16:13 Europe/Berlin] PHP   4. Reader->__construct($con = *uninitialized*, $id = *uninitialized*, $is_shared = *uninitialized*) /var/www/langx/public/classes/reader.php:102
[03-Aug-2018 21:16:13 Europe/Berlin] PHP Notice:  Undefined index: text in /var/www/langx/public/classes/reader.php on line 40
[03-Aug-2018 21:16:13 Europe/Berlin] PHP Stack trace:
[03-Aug-2018 21:16:13 Europe/Berlin] PHP   1. {main}() /var/www/langx/public/showtext.php:0
[03-Aug-2018 21:16:13 Europe/Berlin] PHP   2. Reader->__construct(*uninitialized*, *uninitialized*, *uninitialized*, *uninitialized*, *uninitialized*) /var/www/langx/public/showtext.php:33
[03-Aug-2018 21:16:13 Europe/Berlin] PHP   3. Reader->createFullReader($con = *uninitialized*, $is_shared = *uninitialized*, $text_id = *uninitialized*, $user_id = *uninitialized*, $learning_lang_id = *uninitialized*) /var/www/langx/public/classes/reader.php:86
[03-Aug-2018 21:16:13 Europe/Berlin] PHP   4. Reader->__construct($con = *uninitialized*, $id = *uninitialized*, $is_shared = *uninitialized*) /var/www/langx/public/classes/reader.php:102
[04-Aug-2018 19:58:13 Europe/Berlin] PHP Notice:  Undefined offset: 1 in /var/www/langx/public/classes/videos.php on line 67
[04-Aug-2018 19:58:13 Europe/Berlin] PHP Stack trace:
[04-Aug-2018 19:58:13 Europe/Berlin] PHP   1. {main}() /var/www/langx/public/showvideo.php:0
[04-Aug-2018 19:58:13 Europe/Berlin] PHP   2. Videos->extractYTId() /var/www/langx/public/showvideo.php:37
[04-Aug-2018 20:00:48 Europe/Berlin] PHP Notice:  Undefined offset: 1 in /var/www/langx/public/classes/videos.php on line 67
[04-Aug-2018 20:00:48 Europe/Berlin] PHP Stack trace:
[04-Aug-2018 20:00:48 Europe/Berlin] PHP   1. {main}() /var/www/langx/public/showvideo.php:0
[04-Aug-2018 20:00:48 Europe/Berlin] PHP   2. Videos->extractYTId($url = *uninitialized*) /var/www/langx/public/showvideo.php:37
[04-Aug-2018 20:14:19 Europe/Berlin] PHP Notice:  Undefined offset: 1 in /var/www/langx/public/classes/videos.php on line 67
[04-Aug-2018 20:14:19 Europe/Berlin] PHP Stack trace:
[04-Aug-2018 20:14:19 Europe/Berlin] PHP   1. {main}() /var/www/langx/public/showvideo.php:0
[04-Aug-2018 20:14:19 Europe/Berlin] PHP   2. Videos->extractYTId() /var/www/langx/public/showvideo.php:37
[04-Aug-2018 20:14:30 Europe/Berlin] PHP Notice:  Undefined offset: 1 in /var/www/langx/public/classes/videos.php on line 67
[04-Aug-2018 20:14:30 Europe/Berlin] PHP Stack trace:
[04-Aug-2018 20:14:30 Europe/Berlin] PHP   1. {main}() /var/www/langx/public/showvideo.php:0
[04-Aug-2018 20:14:30 Europe/Berlin] PHP   2. Videos->extractYTId() /var/www/langx/public/showvideo.php:37
[04-Aug-2018 20:14:39 Europe/Berlin] PHP Notice:  Undefined offset: 1 in /var/www/langx/public/classes/videos.php on line 67
[04-Aug-2018 20:14:39 Europe/Berlin] PHP Stack trace:
[04-Aug-2018 20:14:39 Europe/Berlin] PHP   1. {main}() /var/www/langx/public/showvideo.php:0
[04-Aug-2018 20:14:39 Europe/Berlin] PHP   2. Videos->extractYTId() /var/www/langx/public/showvideo.php:37
[04-Aug-2018 20:15:47 Europe/Berlin] PHP Notice:  Undefined offset: 1 in /var/www/langx/public/classes/videos.php on line 67
[04-Aug-2018 20:15:47 Europe/Berlin] PHP Stack trace:
[04-Aug-2018 20:15:47 Europe/Berlin] PHP   1. {main}() /var/www/langx/public/showvideo.php:0
[04-Aug-2018 20:15:47 Europe/Berlin] PHP   2. Videos->extractYTId() /var/www/langx/public/showvideo.php:37
[04-Aug-2018 20:15:59 Europe/Berlin] PHP Notice:  Undefined offset: 1 in /var/www/langx/public/classes/videos.php on line 67
[04-Aug-2018 20:15:59 Europe/Berlin] PHP Stack trace:
[04-Aug-2018 20:15:59 Europe/Berlin] PHP   1. {main}() /var/www/langx/public/showvideo.php:0
[04-Aug-2018 20:15:59 Europe/Berlin] PHP   2. Videos->extractYTId() /var/www/langx/public/showvideo.php:37
[04-Aug-2018 20:16:52 Europe/Berlin] PHP Notice:  Undefined offset: 1 in /var/www/langx/public/classes/videos.php on line 67
[04-Aug-2018 20:16:52 Europe/Berlin] PHP Stack trace:
[04-Aug-2018 20:16:52 Europe/Berlin] PHP   1. {main}() /var/www/langx/public/showvideo.php:0
[04-Aug-2018 20:16:52 Europe/Berlin] PHP   2. Videos->extractYTId() /var/www/langx/public/showvideo.php:37
[04-Aug-2018 20:17:45 Europe/Berlin] PHP Notice:  Undefined offset: 1 in /var/www/langx/public/classes/videos.php on line 67
[04-Aug-2018 20:17:45 Europe/Berlin] PHP Stack trace:
[04-Aug-2018 20:17:45 Europe/Berlin] PHP   1. {main}() /var/www/langx/public/showvideo.php:0
[04-Aug-2018 20:17:45 Europe/Berlin] PHP   2. Videos->extractYTId($url = *uninitialized*) /var/www/langx/public/showvideo.php:37
[04-Aug-2018 20:19:36 Europe/Berlin] PHP Notice:  Undefined offset: 1 in /var/www/langx/public/classes/videos.php on line 67
[04-Aug-2018 20:19:36 Europe/Berlin] PHP Stack trace:
[04-Aug-2018 20:19:36 Europe/Berlin] PHP   1. {main}() /var/www/langx/public/showvideo.php:0
[04-Aug-2018 20:19:36 Europe/Berlin] PHP   2. Videos->extractYTId($url = *uninitialized*) /var/www/langx/public/showvideo.php:37
[04-Aug-2018 20:19:40 Europe/Berlin] PHP Notice:  Undefined offset: 1 in /var/www/langx/public/classes/videos.php on line 67
[04-Aug-2018 20:19:40 Europe/Berlin] PHP Stack trace:
[04-Aug-2018 20:19:40 Europe/Berlin] PHP   1. {main}() /var/www/langx/public/showvideo.php:0
[04-Aug-2018 20:19:40 Europe/Berlin] PHP   2. Videos->extractYTId($url = *uninitialized*) /var/www/langx/public/showvideo.php:37
[04-Aug-2018 20:21:09 Europe/Berlin] PHP Notice:  Undefined index: textSourceURI in /var/www/langx/public/showvideo.php on line 37
[04-Aug-2018 20:21:09 Europe/Berlin] PHP Stack trace:
[04-Aug-2018 20:21:09 Europe/Berlin] PHP   1. {main}() /var/www/langx/public/showvideo.php:0
[04-Aug-2018 20:21:09 Europe/Berlin] PHP Notice:  Undefined offset: 1 in /var/www/langx/public/classes/videos.php on line 67
[04-Aug-2018 20:21:09 Europe/Berlin] PHP Stack trace:
[04-Aug-2018 20:21:09 Europe/Berlin] PHP   1. {main}() /var/www/langx/public/showvideo.php:0
[04-Aug-2018 20:21:09 Europe/Berlin] PHP   2. Videos->extractYTId($url = *uninitialized*) /var/www/langx/public/showvideo.php:37
[04-Aug-2018 20:21:12 Europe/Berlin] PHP Notice:  Undefined index: textSourceURI in /var/www/langx/public/showvideo.php on line 37
[04-Aug-2018 20:21:12 Europe/Berlin] PHP Stack trace:
[04-Aug-2018 20:21:12 Europe/Berlin] PHP   1. {main}() /var/www/langx/public/showvideo.php:0
[04-Aug-2018 20:21:12 Europe/Berlin] PHP Notice:  Undefined offset: 1 in /var/www/langx/public/classes/videos.php on line 67
[04-Aug-2018 20:21:12 Europe/Berlin] PHP Stack trace:
[04-Aug-2018 20:21:12 Europe/Berlin] PHP   1. {main}() /var/www/langx/public/showvideo.php:0
[04-Aug-2018 20:21:12 Europe/Berlin] PHP   2. Videos->extractYTId($url = *uninitialized*) /var/www/langx/public/showvideo.php:37
[04-Aug-2018 20:21:33 Europe/Berlin] PHP Notice:  Undefined index: textSourceURI in /var/www/langx/public/showvideo.php on line 37
[04-Aug-2018 20:21:33 Europe/Berlin] PHP Stack trace:
[04-Aug-2018 20:21:33 Europe/Berlin] PHP   1. {main}() /var/www/langx/public/showvideo.php:0
[04-Aug-2018 20:21:35 Europe/Berlin] PHP Notice:  Undefined offset: 1 in /var/www/langx/public/classes/videos.php on line 67
[04-Aug-2018 20:21:35 Europe/Berlin] PHP Stack trace:
[04-Aug-2018 20:21:35 Europe/Berlin] PHP   1. {main}() /var/www/langx/public/showvideo.php:0
[04-Aug-2018 20:21:35 Europe/Berlin] PHP   2. Videos->extractYTId($url = *uninitialized*) /var/www/langx/public/showvideo.php:37
