[29-Jul-2018 16:25:10 Europe/Berlin] PHP Fatal error:  Uncaught Error: Call to undefined method mysqli_result::field_count() in /var/www/langx/public/classes/words.php:115
Stack trace:
#0 /var/www/langx/public/db/exportwords.php(13): Words->createCSVFile()
#1 {main}
  thrown in /var/www/langx/public/classes/words.php on line 115
[29-Jul-2018 16:25:10 Europe/Berlin] PHP Stack trace:
[29-Jul-2018 16:25:10 Europe/Berlin] PHP   1. {main}() /var/www/langx/public/db/exportwords.php:0
[29-Jul-2018 16:25:10 Europe/Berlin] PHP   2. Words->createCSVFile() /var/www/langx/public/db/exportwords.php:13
[29-Jul-2018 16:27:40 Europe/Berlin] PHP Notice:  Undefined variable: con in /var/www/langx/public/classes/words.php on line 115
[29-Jul-2018 16:27:40 Europe/Berlin] PHP Stack trace:
[29-Jul-2018 16:27:40 Europe/Berlin] PHP   1. {main}() /var/www/langx/public/db/exportwords.php:0
[29-Jul-2018 16:27:40 Europe/Berlin] PHP   2. Words->createCSVFile() /var/www/langx/public/db/exportwords.php:13
[29-Jul-2018 16:27:40 Europe/Berlin] PHP Notice:  Trying to get property 'field_count' of non-object in /var/www/langx/public/classes/words.php on line 115
[29-Jul-2018 16:27:40 Europe/Berlin] PHP Stack trace:
[29-Jul-2018 16:27:40 Europe/Berlin] PHP   1. {main}() /var/www/langx/public/db/exportwords.php:0
[29-Jul-2018 16:27:40 Europe/Berlin] PHP   2. Words->createCSVFile() /var/www/langx/public/db/exportwords.php:13
[29-Jul-2018 16:29:14 Europe/Berlin] PHP Notice:  Undefined variable: con in /var/www/langx/public/classes/words.php on line 115
[29-Jul-2018 16:29:14 Europe/Berlin] PHP Stack trace:
[29-Jul-2018 16:29:14 Europe/Berlin] PHP   1. {main}() /var/www/langx/public/db/exportwords.php:0
[29-Jul-2018 16:29:14 Europe/Berlin] PHP   2. Words->createCSVFile() /var/www/langx/public/db/exportwords.php:13
[29-Jul-2018 16:29:14 Europe/Berlin] PHP Notice:  Trying to get property 'field_count' of non-object in /var/www/langx/public/classes/words.php on line 115
[29-Jul-2018 16:29:14 Europe/Berlin] PHP Stack trace:
[29-Jul-2018 16:29:14 Europe/Berlin] PHP   1. {main}() /var/www/langx/public/db/exportwords.php:0
[29-Jul-2018 16:29:14 Europe/Berlin] PHP   2. Words->createCSVFile() /var/www/langx/public/db/exportwords.php:13
[29-Jul-2018 16:29:27 Europe/Berlin] PHP Notice:  Undefined variable: con in /var/www/langx/public/classes/words.php on line 115
[29-Jul-2018 16:29:27 Europe/Berlin] PHP Stack trace:
[29-Jul-2018 16:29:27 Europe/Berlin] PHP   1. {main}() /var/www/langx/public/db/exportwords.php:0
[29-Jul-2018 16:29:27 Europe/Berlin] PHP   2. Words->createCSVFile() /var/www/langx/public/db/exportwords.php:13
[29-Jul-2018 16:29:31 Europe/Berlin] PHP Notice:  Trying to get property 'field_count' of non-object in /var/www/langx/public/classes/words.php on line 115
[29-Jul-2018 16:29:31 Europe/Berlin] PHP Stack trace:
[29-Jul-2018 16:29:31 Europe/Berlin] PHP   1. {main}() /var/www/langx/public/db/exportwords.php:0
[29-Jul-2018 16:29:31 Europe/Berlin] PHP   2. Words->createCSVFile() /var/www/langx/public/db/exportwords.php:13
[29-Jul-2018 16:31:06 Europe/Berlin] PHP Fatal error:  Uncaught Error: Call to undefined function mysql_field_name() in /var/www/langx/public/classes/words.php:119
Stack trace:
#0 /var/www/langx/public/db/exportwords.php(13): Words->createCSVFile()
#1 {main}
  thrown in /var/www/langx/public/classes/words.php on line 119
[29-Jul-2018 16:58:18 Europe/Berlin] PHP Notice:  Undefined variable: search_text in /var/www/langx/public/db/exportwords.php on line 18
[29-Jul-2018 16:58:18 Europe/Berlin] PHP Stack trace:
[29-Jul-2018 16:58:18 Europe/Berlin] PHP   1. {main}() /var/www/langx/public/db/exportwords.php:0
[29-Jul-2018 16:58:18 Europe/Berlin] PHP Notice:  Undefined variable: order_by in /var/www/langx/public/db/exportwords.php on line 18
[29-Jul-2018 16:58:18 Europe/Berlin] PHP Stack trace:
[29-Jul-2018 16:58:18 Europe/Berlin] PHP   1. {main}() /var/www/langx/public/db/exportwords.php:0
[29-Jul-2018 16:58:44 Europe/Berlin] PHP Notice:  Undefined variable: search_text in /var/www/langx/public/db/exportwords.php on line 18
[29-Jul-2018 16:58:44 Europe/Berlin] PHP Stack trace:
[29-Jul-2018 16:58:44 Europe/Berlin] PHP   1. {main}() /var/www/langx/public/db/exportwords.php:0
[29-Jul-2018 16:58:44 Europe/Berlin] PHP Notice:  Undefined variable: order_by in /var/www/langx/public/db/exportwords.php on line 18
[29-Jul-2018 16:58:44 Europe/Berlin] PHP Stack trace:
[29-Jul-2018 16:58:44 Europe/Berlin] PHP   1. {main}() /var/www/langx/public/db/exportwords.php:0
[29-Jul-2018 16:58:56 Europe/Berlin] PHP Notice:  Undefined variable: search_text in /var/www/langx/public/db/exportwords.php on line 18
[29-Jul-2018 16:58:56 Europe/Berlin] PHP Stack trace:
[29-Jul-2018 16:58:56 Europe/Berlin] PHP   1. {main}() /var/www/langx/public/db/exportwords.php:0
[29-Jul-2018 16:59:07 Europe/Berlin] PHP Notice:  Undefined variable: order_by in /var/www/langx/public/db/exportwords.php on line 18
[29-Jul-2018 16:59:07 Europe/Berlin] PHP Stack trace:
[29-Jul-2018 16:59:07 Europe/Berlin] PHP   1. {main}() /var/www/langx/public/db/exportwords.php:0
[29-Jul-2018 17:09:33 Europe/Berlin] PHP Fatal error:  Uncaught ArgumentCountError: Too few arguments to function DBEntity::buildAndOrStatement(), 1 passed in /var/www/langx/public/classes/words.php on line 115 and exactly 2 expected in /var/www/langx/public/classes/connect.php:44
Stack trace:
#0 /var/www/langx/public/classes/words.php(115): DBEntity->buildAndOrStatement(Array)
#1 /var/www/langx/public/db/exportwords.php(16): Words->createCSVFile('pablo', '0')
#2 {main}
  thrown in /var/www/langx/public/classes/connect.php on line 44
